2022-06-15 10:04:09 DEBUG POST http://localhost:49737/session {"capabilities": {"firstMatch": [{}], "alwaysMatch": {"browserName": "chrome", "pageLoadStrategy": "normal", "goog:chromeOptions": {"extensions": [], "args": []}}}, "desiredCapabilities": {"browserName": "chrome", "pageLoadStrategy": "normal", "goog:chromeOptions": {"extensions": [], "args": []}}}
2022-06-15 10:04:09 DEBUG Starting new HTTP connection (1): localhost:49737
2022-06-15 10:04:16 DEBUG http://localhost:49737 "POST /session HTTP/1.1" 200 799
2022-06-15 10:04:16 DEBUG Finished Request
2022-06-15 10:04:16 DEBUG POST http://localhost:49737/session/6dcf93e2593eecdb73b842eedf1b7153/url {"url": "https://mp.weixin.qq.com/"}
2022-06-15 10:04:18 DEBUG http://localhost:49737 "POST /session/6dcf93e2593eecdb73b842eedf1b7153/url HTTP/1.1" 200 14
2022-06-15 10:04:18 DEBUG Finished Request
2022-06-15 10:04:33 DEBUG POST http://localhost:49737/session/6dcf93e2593eecdb73b842eedf1b7153/url {"url": "https://mp.weixin.qq.com/"}
2022-06-15 10:04:34 DEBUG http://localhost:49737 "POST /session/6dcf93e2593eecdb73b842eedf1b7153/url HTTP/1.1" 200 14
2022-06-15 10:04:34 DEBUG Finished Request
2022-06-15 10:04:34 DEBUG GET http://localhost:49737/session/6dcf93e2593eecdb73b842eedf1b7153/cookie {}
2022-06-15 10:04:34 DEBUG http://localhost:49737 "GET /session/6dcf93e2593eecdb73b842eedf1b7153/cookie HTTP/1.1" 200 433
2022-06-15 10:04:34 DEBUG Finished Request
2022-06-15 10:04:34 DEBUG Starting new HTTPS connection (1): mp.weixin.qq.com:443
2022-06-15 10:04:34 DEBUG https://mp.weixin.qq.com:443 "GET / HTTP/1.1" 200 13730
2022-06-15 10:04:50 DEBUG POST http://localhost:50006/session {"capabilities": {"firstMatch": [{}], "alwaysMatch": {"browserName": "chrome", "pageLoadStrategy": "normal", "goog:chromeOptions": {"extensions": [], "args": []}}}, "desiredCapabilities": {"browserName": "chrome", "pageLoadStrategy": "normal", "goog:chromeOptions": {"extensions": [], "args": []}}}
2022-06-15 10:04:50 DEBUG Starting new HTTP connection (1): localhost:50006
2022-06-15 10:04:54 DEBUG http://localhost:50006 "POST /session HTTP/1.1" 200 799
2022-06-15 10:04:54 DEBUG Finished Request
2022-06-15 10:04:54 DEBUG POST http://localhost:50006/session/0d4cf13d6226f116b21bc46634895423/url {"url": "https://mp.weixin.qq.com/"}
2022-06-15 10:04:55 DEBUG http://localhost:50006 "POST /session/0d4cf13d6226f116b21bc46634895423/url HTTP/1.1" 200 14
2022-06-15 10:04:55 DEBUG Finished Request
2022-06-15 10:05:10 DEBUG POST http://localhost:50006/session/0d4cf13d6226f116b21bc46634895423/url {"url": "https://mp.weixin.qq.com/"}
2022-06-15 10:05:12 DEBUG http://localhost:50006 "POST /session/0d4cf13d6226f116b21bc46634895423/url HTTP/1.1" 200 14
2022-06-15 10:05:12 DEBUG Finished Request
2022-06-15 10:05:12 DEBUG GET http://localhost:50006/session/0d4cf13d6226f116b21bc46634895423/cookie {}
2022-06-15 10:05:12 DEBUG http://localhost:50006 "GET /session/0d4cf13d6226f116b21bc46634895423/cookie HTTP/1.1" 200 1906
2022-06-15 10:05:12 DEBUG Finished Request
2022-06-15 10:05:13 DEBUG Starting new HTTPS connection (1): mp.weixin.qq.com:443
2022-06-15 10:05:14 DEBUG https://mp.weixin.qq.com:443 "GET / HTTP/1.1" 302 15078
2022-06-15 10:05:15 DEBUG https://mp.weixin.qq.com:443 "GET /cgi-bin/home?t=home/index&lang=zh_CN&token=1714667677 HTTP/1.1" 200 23877
2022-06-15 10:05:15 DEBUG Starting new HTTPS connection (1): mp.weixin.qq.com:443
2022-06-15 10:05:16 DEBUG https://mp.weixin.qq.com:443 "GET /cgi-bin/searchbiz?action=search_biz&token=1714667677&lang=zh_CN&f=json&ajax=1&random=0.39667086438449617&query=%E9%99%88%E5%90%8C%E5%AD%A6%E5%9C%A8%E6%90%AC%E7%A0%96&begin=0&count=5 HTTP/1.1" 200 405
2022-06-15 10:05:16 DEBUG Starting new HTTPS connection (1): mp.weixin.qq.com:443
2022-06-15 10:05:16 DEBUG https://mp.weixin.qq.com:443 "GET /cgi-bin/appmsg?token=1714667677&lang=zh_CN&f=json&ajax=1&random=0.419051731444668&action=list_ex&begin=0&count=5&query=&fakeid=MzkzNzIzNjI4Nw%3D%3D&type=9 HTTP/1.1" 200 1509
2022-06-15 10:05:16 DEBUG Starting new HTTPS connection (1): mp.weixin.qq.com:443
2022-06-15 10:05:17 DEBUG https://mp.weixin.qq.com:443 "GET /cgi-bin/appmsg?token=1714667677&lang=zh_CN&f=json&ajax=1&random=0.38797178419317946&action=list_ex&begin=20&count=5&query=&fakeid=MzkzNzIzNjI4Nw%3D%3D&type=9 HTTP/1.1" 200 1568
2022-06-15 10:08:40 DEBUG POST http://localhost:51291/session {"capabilities": {"firstMatch": [{}], "alwaysMatch": {"browserName": "chrome", "pageLoadStrategy": "normal", "goog:chromeOptions": {"extensions": [], "args": []}}}, "desiredCapabilities": {"browserName": "chrome", "pageLoadStrategy": "normal", "goog:chromeOptions": {"extensions": [], "args": []}}}
2022-06-15 10:08:40 DEBUG Starting new HTTP connection (1): localhost:51291
2022-06-15 10:08:42 DEBUG http://localhost:51291 "POST /session HTTP/1.1" 200 799
2022-06-15 10:08:42 DEBUG Finished Request
2022-06-15 10:08:42 DEBUG POST http://localhost:51291/session/611d51320b6e23276299d3a52ccbbad4/url {"url": "https://mp.weixin.qq.com/"}
2022-06-15 10:08:43 DEBUG http://localhost:51291 "POST /session/611d51320b6e23276299d3a52ccbbad4/url HTTP/1.1" 200 14
2022-06-15 10:08:43 DEBUG Finished Request
2022-06-15 10:08:58 DEBUG POST http://localhost:51291/session/611d51320b6e23276299d3a52ccbbad4/url {"url": "https://mp.weixin.qq.com/"}
2022-06-15 10:09:01 DEBUG http://localhost:51291 "POST /session/611d51320b6e23276299d3a52ccbbad4/url HTTP/1.1" 200 14
2022-06-15 10:09:01 DEBUG Finished Request
2022-06-15 10:09:01 DEBUG GET http://localhost:51291/session/611d51320b6e23276299d3a52ccbbad4/cookie {}
2022-06-15 10:09:01 DEBUG http://localhost:51291 "GET /session/611d51320b6e23276299d3a52ccbbad4/cookie HTTP/1.1" 200 1906
2022-06-15 10:09:01 DEBUG Finished Request
2022-06-15 10:09:01 DEBUG Starting new HTTPS connection (1): mp.weixin.qq.com:443
2022-06-15 10:09:02 DEBUG https://mp.weixin.qq.com:443 "GET / HTTP/1.1" 302 15080
2022-06-15 10:09:03 DEBUG https://mp.weixin.qq.com:443 "GET /cgi-bin/home?t=home/index&lang=zh_CN&token=704433098 HTTP/1.1" 200 23880
2022-06-15 10:09:03 DEBUG Starting new HTTPS connection (1): mp.weixin.qq.com:443
2022-06-15 10:09:04 DEBUG https://mp.weixin.qq.com:443 "GET /cgi-bin/searchbiz?action=search_biz&token=704433098&lang=zh_CN&f=json&ajax=1&random=0.6047014597153678&query=%E9%99%88%E5%90%8C%E5%AD%A6%E5%9C%A8%E6%90%AC%E7%A0%96&begin=0&count=5 HTTP/1.1" 200 405
2022-06-15 10:09:04 DEBUG Starting new HTTPS connection (1): mp.weixin.qq.com:443
2022-06-15 10:09:04 DEBUG https://mp.weixin.qq.com:443 "GET /cgi-bin/appmsg?token=704433098&lang=zh_CN&f=json&ajax=1&random=0.41291498210146804&action=list_ex&begin=0&count=5&query=&fakeid=MzkzNzIzNjI4Nw%3D%3D&type=9 HTTP/1.1" 200 1509
2022-06-15 10:09:04 DEBUG Starting new HTTPS connection (1): mp.weixin.qq.com:443
2022-06-15 10:09:05 DEBUG https://mp.weixin.qq.com:443 "GET /cgi-bin/appmsg?token=704433098&lang=zh_CN&f=json&ajax=1&random=0.0943131893593161&action=list_ex&begin=30&count=5&query=&fakeid=MzkzNzIzNjI4Nw%3D%3D&type=9 HTTP/1.1" 200 1667
2022-06-15 10:10:15 DEBUG Starting new HTTPS connection (1): mp.weixin.qq.com:443
2022-06-15 10:10:16 DEBUG https://mp.weixin.qq.com:443 "GET /cgi-bin/appmsg?token=704433098&lang=zh_CN&f=json&ajax=1&random=0.29860508869294555&action=list_ex&begin=35&count=5&query=&fakeid=MzkzNzIzNjI4Nw%3D%3D&type=9 HTTP/1.1" 200 1542
2022-06-15 10:11:22 DEBUG Starting new HTTPS connection (1): mp.weixin.qq.com:443
2022-06-15 10:11:22 DEBUG https://mp.weixin.qq.com:443 "GET /cgi-bin/appmsg?token=704433098&lang=zh_CN&f=json&ajax=1&random=0.8104339986337477&action=list_ex&begin=40&count=5&query=&fakeid=MzkzNzIzNjI4Nw%3D%3D&type=9 HTTP/1.1" 200 1545
2022-06-15 10:12:29 DEBUG Starting new HTTPS connection (1): mp.weixin.qq.com:443
2022-06-15 10:12:31 DEBUG https://mp.weixin.qq.com:443 "GET /cgi-bin/appmsg?token=704433098&lang=zh_CN&f=json&ajax=1&random=0.17068950847070785&action=list_ex&begin=45&count=5&query=&fakeid=MzkzNzIzNjI4Nw%3D%3D&type=9 HTTP/1.1" 200 1623
2022-06-15 10:13:41 DEBUG Starting new HTTPS connection (1): mp.weixin.qq.com:443
2022-06-15 10:13:42 DEBUG https://mp.weixin.qq.com:443 "GET /cgi-bin/appmsg?token=704433098&lang=zh_CN&f=json&ajax=1&random=0.6338239021167741&action=list_ex&begin=50&count=5&query=&fakeid=MzkzNzIzNjI4Nw%3D%3D&type=9 HTTP/1.1" 200 1515
2022-06-15 10:14:51 DEBUG Starting new HTTPS connection (1): mp.weixin.qq.com:443
2022-06-15 10:14:51 DEBUG https://mp.weixin.qq.com:443 "GET /cgi-bin/appmsg?token=704433098&lang=zh_CN&f=json&ajax=1&random=0.33995968824049194&action=list_ex&begin=55&count=5&query=&fakeid=MzkzNzIzNjI4Nw%3D%3D&type=9 HTTP/1.1" 200 1384
2022-06-15 10:15:59 DEBUG Starting new HTTPS connection (1): mp.weixin.qq.com:443
2022-06-15 10:16:00 DEBUG https://mp.weixin.qq.com:443 "GET /cgi-bin/appmsg?token=704433098&lang=zh_CN&f=json&ajax=1&random=0.5854832549637636&action=list_ex&begin=60&count=5&query=&fakeid=MzkzNzIzNjI4Nw%3D%3D&type=9 HTTP/1.1" 200 1900
2022-06-15 10:17:11 DEBUG Starting new HTTPS connection (1): mp.weixin.qq.com:443
2022-06-15 10:17:11 DEBUG https://mp.weixin.qq.com:443 "GET /cgi-bin/appmsg?token=704433098&lang=zh_CN&f=json&ajax=1&random=0.2542298045867105&action=list_ex&begin=65&count=5&query=&fakeid=MzkzNzIzNjI4Nw%3D%3D&type=9 HTTP/1.1" 200 1595
2022-06-15 10:18:21 DEBUG Starting new HTTPS connection (1): mp.weixin.qq.com:443
2022-06-15 10:18:22 DEBUG https://mp.weixin.qq.com:443 "GET /cgi-bin/appmsg?token=704433098&lang=zh_CN&f=json&ajax=1&random=0.02481367032863313&action=list_ex&begin=70&count=5&query=&fakeid=MzkzNzIzNjI4Nw%3D%3D&type=9 HTTP/1.1" 200 1651
2022-06-15 10:28:10 DEBUG POST http://localhost:58624/session {"capabilities": {"firstMatch": [{}], "alwaysMatch": {"browserName": "chrome", "pageLoadStrategy": "normal", "goog:chromeOptions": {"extensions": [], "args": []}}}, "desiredCapabilities": {"browserName": "chrome", "pageLoadStrategy": "normal", "goog:chromeOptions": {"extensions": [], "args": []}}}
2022-06-15 10:28:10 DEBUG Starting new HTTP connection (1): localhost:58624
2022-06-15 10:28:12 DEBUG http://localhost:58624 "POST /session HTTP/1.1" 200 799
2022-06-15 10:28:12 DEBUG Finished Request
2022-06-15 10:28:12 DEBUG POST http://localhost:58624/session/925c67b4ef58ad5cd09a903479d1134d/url {"url": "https://mp.weixin.qq.com/"}
2022-06-15 10:28:15 DEBUG http://localhost:58624 "POST /session/925c67b4ef58ad5cd09a903479d1134d/url HTTP/1.1" 200 14
2022-06-15 10:28:15 DEBUG Finished Request
2022-06-15 10:28:30 DEBUG POST http://localhost:58624/session/925c67b4ef58ad5cd09a903479d1134d/url {"url": "https://mp.weixin.qq.com/"}
2022-06-15 10:28:32 DEBUG http://localhost:58624 "POST /session/925c67b4ef58ad5cd09a903479d1134d/url HTTP/1.1" 200 14
2022-06-15 10:28:32 DEBUG Finished Request
2022-06-15 10:28:32 DEBUG GET http://localhost:58624/session/925c67b4ef58ad5cd09a903479d1134d/cookie {}
2022-06-15 10:28:32 DEBUG http://localhost:58624 "GET /session/925c67b4ef58ad5cd09a903479d1134d/cookie HTTP/1.1" 200 1906
2022-06-15 10:28:32 DEBUG Finished Request
2022-06-15 10:28:32 DEBUG Starting new HTTPS connection (1): mp.weixin.qq.com:443
2022-06-15 10:28:33 DEBUG https://mp.weixin.qq.com:443 "GET / HTTP/1.1" 302 15078
2022-06-15 10:28:34 DEBUG https://mp.weixin.qq.com:443 "GET /cgi-bin/home?t=home/index&lang=zh_CN&token=1171549723 HTTP/1.1" 200 23877
2022-06-15 10:28:34 DEBUG Starting new HTTPS connection (1): mp.weixin.qq.com:443
2022-06-15 10:28:34 DEBUG https://mp.weixin.qq.com:443 "GET /cgi-bin/searchbiz?action=search_biz&token=1171549723&lang=zh_CN&f=json&ajax=1&random=0.1811502918296084&query=%E9%99%88%E5%90%8C%E5%AD%A6%E5%9C%A8%E6%90%AC%E7%A0%96&begin=0&count=5 HTTP/1.1" 200 405
2022-06-15 10:28:34 DEBUG Starting new HTTPS connection (1): mp.weixin.qq.com:443
2022-06-15 10:28:35 DEBUG https://mp.weixin.qq.com:443 "GET /cgi-bin/appmsg?token=1171549723&lang=zh_CN&f=json&ajax=1&random=0.15181402864816218&action=list_ex&begin=0&count=5&query=&fakeid=MzkzNzIzNjI4Nw%3D%3D&type=9 HTTP/1.1" 200 1509
2022-06-15 10:28:35 DEBUG Starting new HTTPS connection (1): mp.weixin.qq.com:443
2022-06-15 10:28:35 DEBUG https://mp.weixin.qq.com:443 "GET /cgi-bin/appmsg?token=1171549723&lang=zh_CN&f=json&ajax=1&random=0.8913249053103203&action=list_ex&begin=70&count=5&query=&fakeid=MzkzNzIzNjI4Nw%3D%3D&type=9 HTTP/1.1" 200 1651
2022-06-15 10:28:58 DEBUG POST http://localhost:58955/session {"capabilities": {"firstMatch": [{}], "alwaysMatch": {"browserName": "chrome", "pageLoadStrategy": "normal", "goog:chromeOptions": {"extensions": [], "args": []}}}, "desiredCapabilities": {"browserName": "chrome", "pageLoadStrategy": "normal", "goog:chromeOptions": {"extensions": [], "args": []}}}
2022-06-15 10:28:58 DEBUG Starting new HTTP connection (1): localhost:58955
2022-06-15 10:28:59 DEBUG http://localhost:58955 "POST /session HTTP/1.1" 200 799
2022-06-15 10:28:59 DEBUG Finished Request
2022-06-15 10:28:59 DEBUG POST http://localhost:58955/session/b092b88e5655838302b84a85a9f47731/url {"url": "https://mp.weixin.qq.com/"}
2022-06-15 10:29:00 DEBUG http://localhost:58955 "POST /session/b092b88e5655838302b84a85a9f47731/url HTTP/1.1" 200 14
2022-06-15 10:29:00 DEBUG Finished Request
2022-06-15 10:29:15 DEBUG POST http://localhost:58955/session/b092b88e5655838302b84a85a9f47731/url {"url": "https://mp.weixin.qq.com/"}
2022-06-15 10:29:17 DEBUG http://localhost:58955 "POST /session/b092b88e5655838302b84a85a9f47731/url HTTP/1.1" 200 14
2022-06-15 10:29:17 DEBUG Finished Request
2022-06-15 10:29:17 DEBUG GET http://localhost:58955/session/b092b88e5655838302b84a85a9f47731/cookie {}
2022-06-15 10:29:17 DEBUG http://localhost:58955 "GET /session/b092b88e5655838302b84a85a9f47731/cookie HTTP/1.1" 200 1906
2022-06-15 10:29:17 DEBUG Finished Request
2022-06-15 10:29:17 DEBUG Starting new HTTPS connection (1): mp.weixin.qq.com:443
2022-06-15 10:29:18 DEBUG https://mp.weixin.qq.com:443 "GET / HTTP/1.1" 302 15079
2022-06-15 10:29:19 DEBUG https://mp.weixin.qq.com:443 "GET /cgi-bin/home?t=home/index&lang=zh_CN&token=1503396639 HTTP/1.1" 200 23878
2022-06-15 10:29:19 DEBUG Starting new HTTPS connection (1): mp.weixin.qq.com:443
2022-06-15 10:29:19 DEBUG https://mp.weixin.qq.com:443 "GET /cgi-bin/searchbiz?action=search_biz&token=1503396639&lang=zh_CN&f=json&ajax=1&random=0.8516692465977677&query=%E9%99%88%E5%90%8C%E5%AD%A6%E5%9C%A8%E6%90%AC%E7%A0%96&begin=0&count=5 HTTP/1.1" 200 405
2022-06-15 10:29:19 DEBUG Starting new HTTPS connection (1): mp.weixin.qq.com:443
2022-06-15 10:29:20 DEBUG https://mp.weixin.qq.com:443 "GET /cgi-bin/appmsg?token=1503396639&lang=zh_CN&f=json&ajax=1&random=0.24555850959710424&action=list_ex&begin=0&count=5&query=&fakeid=MzkzNzIzNjI4Nw%3D%3D&type=9 HTTP/1.1" 200 1509
2022-06-15 10:29:20 DEBUG Starting new HTTPS connection (1): mp.weixin.qq.com:443
2022-06-15 10:29:20 DEBUG https://mp.weixin.qq.com:443 "GET /cgi-bin/appmsg?token=1503396639&lang=zh_CN&f=json&ajax=1&random=0.5115732509174601&action=list_ex&begin=71&count=5&query=&fakeid=MzkzNzIzNjI4Nw%3D%3D&type=9 HTTP/1.1" 200 1645
2022-06-15 10:30:34 DEBUG Starting new HTTPS connection (1): mp.weixin.qq.com:443
2022-06-15 10:30:35 DEBUG https://mp.weixin.qq.com:443 "GET /cgi-bin/appmsg?token=1503396639&lang=zh_CN&f=json&ajax=1&random=0.5747836411517973&action=list_ex&begin=76&count=5&query=&fakeid=MzkzNzIzNjI4Nw%3D%3D&type=9 HTTP/1.1" 200 1811
2022-06-15 10:32:11 DEBUG Starting new HTTPS connection (1): mp.weixin.qq.com:443
2022-06-15 10:32:12 DEBUG https://mp.weixin.qq.com:443 "GET /cgi-bin/appmsg?token=1503396639&lang=zh_CN&f=json&ajax=1&random=0.6253193499558936&action=list_ex&begin=81&count=5&query=&fakeid=MzkzNzIzNjI4Nw%3D%3D&type=9 HTTP/1.1" 200 2182
2022-06-15 10:35:40 DEBUG POST http://localhost:61465/session {"capabilities": {"firstMatch": [{}], "alwaysMatch": {"browserName": "chrome", "pageLoadStrategy": "normal", "goog:chromeOptions": {"extensions": [], "args": []}}}, "desiredCapabilities": {"browserName": "chrome", "pageLoadStrategy": "normal", "goog:chromeOptions": {"extensions": [], "args": []}}}
2022-06-15 10:35:40 DEBUG Starting new HTTP connection (1): localhost:61465
2022-06-15 10:35:43 DEBUG http://localhost:61465 "POST /session HTTP/1.1" 200 799
2022-06-15 10:35:43 DEBUG Finished Request
2022-06-15 10:35:43 DEBUG POST http://localhost:61465/session/ffb14572494aaa675d2469afc240ccc7/url {"url": "https://mp.weixin.qq.com/"}
2022-06-15 10:35:44 DEBUG http://localhost:61465 "POST /session/ffb14572494aaa675d2469afc240ccc7/url HTTP/1.1" 200 14
2022-06-15 10:35:44 DEBUG Finished Request
2022-06-15 10:35:59 DEBUG POST http://localhost:61465/session/ffb14572494aaa675d2469afc240ccc7/url {"url": "https://mp.weixin.qq.com/"}
2022-06-15 10:36:00 DEBUG http://localhost:61465 "POST /session/ffb14572494aaa675d2469afc240ccc7/url HTTP/1.1" 200 14
2022-06-15 10:36:00 DEBUG Finished Request
2022-06-15 10:36:00 DEBUG GET http://localhost:61465/session/ffb14572494aaa675d2469afc240ccc7/cookie {}
2022-06-15 10:36:00 DEBUG http://localhost:61465 "GET /session/ffb14572494aaa675d2469afc240ccc7/cookie HTTP/1.1" 200 433
2022-06-15 10:36:00 DEBUG Finished Request
2022-06-15 10:36:00 DEBUG Starting new HTTPS connection (1): mp.weixin.qq.com:443
2022-06-15 10:36:00 DEBUG https://mp.weixin.qq.com:443 "GET / HTTP/1.1" 200 13730
2022-06-15 10:36:34 DEBUG POST http://localhost:61808/session {"capabilities": {"firstMatch": [{}], "alwaysMatch": {"browserName": "chrome", "pageLoadStrategy": "normal", "goog:chromeOptions": {"extensions": [], "args": []}}}, "desiredCapabilities": {"browserName": "chrome", "pageLoadStrategy": "normal", "goog:chromeOptions": {"extensions": [], "args": []}}}
2022-06-15 10:36:34 DEBUG Starting new HTTP connection (1): localhost:61808
2022-06-15 10:36:36 DEBUG http://localhost:61808 "POST /session HTTP/1.1" 200 799
2022-06-15 10:36:36 DEBUG Finished Request
2022-06-15 10:36:36 DEBUG POST http://localhost:61808/session/57058684e5448a946fbdeb81da7727c9/url {"url": "https://mp.weixin.qq.com/"}
2022-06-15 10:36:37 DEBUG http://localhost:61808 "POST /session/57058684e5448a946fbdeb81da7727c9/url HTTP/1.1" 200 14
2022-06-15 10:36:37 DEBUG Finished Request
2022-06-15 10:36:52 DEBUG POST http://localhost:61808/session/57058684e5448a946fbdeb81da7727c9/url {"url": "https://mp.weixin.qq.com/"}
2022-06-15 10:36:55 DEBUG http://localhost:61808 "POST /session/57058684e5448a946fbdeb81da7727c9/url HTTP/1.1" 200 14
2022-06-15 10:36:55 DEBUG Finished Request
2022-06-15 10:36:55 DEBUG GET http://localhost:61808/session/57058684e5448a946fbdeb81da7727c9/cookie {}
2022-06-15 10:36:55 DEBUG http://localhost:61808 "GET /session/57058684e5448a946fbdeb81da7727c9/cookie HTTP/1.1" 200 1906
2022-06-15 10:36:55 DEBUG Finished Request
2022-06-15 10:36:55 DEBUG Starting new HTTPS connection (1): mp.weixin.qq.com:443
2022-06-15 10:36:56 DEBUG https://mp.weixin.qq.com:443 "GET / HTTP/1.1" 302 15079
2022-06-15 10:36:57 DEBUG https://mp.weixin.qq.com:443 "GET /cgi-bin/home?t=home/index&lang=zh_CN&token=1867800167 HTTP/1.1" 200 23878
2022-06-15 10:36:57 DEBUG Starting new HTTPS connection (1): mp.weixin.qq.com:443
2022-06-15 10:36:57 DEBUG https://mp.weixin.qq.com:443 "GET /cgi-bin/searchbiz?action=search_biz&token=1867800167&lang=zh_CN&f=json&ajax=1&random=0.4722516472833225&query=%E9%99%88%E5%90%8C%E5%AD%A6%E5%9C%A8%E6%90%AC%E7%A0%96&begin=0&count=5 HTTP/1.1" 200 405
2022-06-15 10:36:57 DEBUG Starting new HTTPS connection (1): mp.weixin.qq.com:443
2022-06-15 10:36:58 DEBUG https://mp.weixin.qq.com:443 "GET /cgi-bin/appmsg?token=1867800167&lang=zh_CN&f=json&ajax=1&random=0.5862929422931022&action=list_ex&begin=0&count=5&query=&fakeid=MzkzNzIzNjI4Nw%3D%3D&type=9 HTTP/1.1" 200 1509
2022-06-15 10:36:58 DEBUG Starting new HTTPS connection (1): mp.weixin.qq.com:443
2022-06-15 10:36:59 DEBUG https://mp.weixin.qq.com:443 "GET /cgi-bin/appmsg?token=1867800167&lang=zh_CN&f=json&ajax=1&random=0.7146593375361762&action=list_ex&begin=82&count=5&query=&fakeid=MzkzNzIzNjI4Nw%3D%3D&type=9 HTTP/1.1" 200 1972
2022-06-15 10:38:56 DEBUG Starting new HTTPS connection (1): mp.weixin.qq.com:443
2022-06-15 10:38:57 DEBUG https://mp.weixin.qq.com:443 "GET /cgi-bin/appmsg?token=1867800167&lang=zh_CN&f=json&ajax=1&random=0.04802222186395955&action=list_ex&begin=87&count=5&query=&fakeid=MzkzNzIzNjI4Nw%3D%3D&type=9 HTTP/1.1" 200 73
2022-06-15 10:39:47 DEBUG Starting new HTTPS connection (1): mp.weixin.qq.com:443
2022-06-15 10:39:47 DEBUG https://mp.weixin.qq.com:443 "GET /cgi-bin/appmsg?token=1867800167&lang=zh_CN&f=json&ajax=1&random=0.13120667494682237&action=list_ex&begin=92&count=5&query=&fakeid=MzkzNzIzNjI4Nw%3D%3D&type=9 HTTP/1.1" 200 73
2022-06-15 10:40:38 DEBUG POST http://localhost:63357/session {"capabilities": {"firstMatch": [{}], "alwaysMatch": {"browserName": "chrome", "pageLoadStrategy": "normal", "goog:chromeOptions": {"extensions": [], "args": []}}}, "desiredCapabilities": {"browserName": "chrome", "pageLoadStrategy": "normal", "goog:chromeOptions": {"extensions": [], "args": []}}}
2022-06-15 10:40:38 DEBUG Starting new HTTP connection (1): localhost:63357
2022-06-15 10:40:42 DEBUG http://localhost:63357 "POST /session HTTP/1.1" 200 799
2022-06-15 10:40:42 DEBUG Finished Request
2022-06-15 10:40:42 DEBUG POST http://localhost:63357/session/d867f526be267b197486e66c18834f37/url {"url": "https://mp.weixin.qq.com/"}
2022-06-15 10:40:43 DEBUG http://localhost:63357 "POST /session/d867f526be267b197486e66c18834f37/url HTTP/1.1" 200 14
2022-06-15 10:40:43 DEBUG Finished Request
2022-06-15 10:40:58 DEBUG POST http://localhost:63357/session/d867f526be267b197486e66c18834f37/url {"url": "https://mp.weixin.qq.com/"}
2022-06-15 10:41:00 DEBUG http://localhost:63357 "POST /session/d867f526be267b197486e66c18834f37/url HTTP/1.1" 200 14
2022-06-15 10:41:00 DEBUG Finished Request
2022-06-15 10:41:00 DEBUG GET http://localhost:63357/session/d867f526be267b197486e66c18834f37/cookie {}
2022-06-15 10:41:00 DEBUG http://localhost:63357 "GET /session/d867f526be267b197486e66c18834f37/cookie HTTP/1.1" 200 1906
2022-06-15 10:41:00 DEBUG Finished Request
2022-06-15 10:41:00 DEBUG Starting new HTTPS connection (1): mp.weixin.qq.com:443
2022-06-15 10:41:01 DEBUG https://mp.weixin.qq.com:443 "GET / HTTP/1.1" 302 15077
2022-06-15 10:41:02 DEBUG https://mp.weixin.qq.com:443 "GET /cgi-bin/home?t=home/index&lang=zh_CN&token=877184810 HTTP/1.1" 200 23877
2022-06-15 10:41:02 DEBUG Starting new HTTPS connection (1): mp.weixin.qq.com:443
2022-06-15 10:41:02 DEBUG https://mp.weixin.qq.com:443 "GET /cgi-bin/searchbiz?action=search_biz&token=877184810&lang=zh_CN&f=json&ajax=1&random=0.1061209362052471&query=%E6%B2%99%E6%BC%8F%E7%8B%97shallowdog&begin=0&count=5 HTTP/1.1" 200 345
2022-06-15 10:41:02 DEBUG Starting new HTTPS connection (1): mp.weixin.qq.com:443
2022-06-15 10:41:03 DEBUG https://mp.weixin.qq.com:443 "GET /cgi-bin/appmsg?token=877184810&lang=zh_CN&f=json&ajax=1&random=0.1080729140511939&action=list_ex&begin=0&count=5&query=&fakeid=Mzg5Mjc3MjE0OQ%3D%3D&type=9 HTTP/1.1" 200 1811
2022-06-15 10:41:03 DEBUG Starting new HTTPS connection (1): mp.weixin.qq.com:443
2022-06-15 10:41:03 DEBUG https://mp.weixin.qq.com:443 "GET /cgi-bin/appmsg?token=877184810&lang=zh_CN&f=json&ajax=1&random=0.006515601026668039&action=list_ex&begin=82&count=5&query=&fakeid=Mzg5Mjc3MjE0OQ%3D%3D&type=9 HTTP/1.1" 200 73
2022-06-15 10:42:33 DEBUG POST http://localhost:64048/session {"capabilities": {"firstMatch": [{}], "alwaysMatch": {"browserName": "chrome", "pageLoadStrategy": "normal", "goog:chromeOptions": {"extensions": [], "args": []}}}, "desiredCapabilities": {"browserName": "chrome", "pageLoadStrategy": "normal", "goog:chromeOptions": {"extensions": [], "args": []}}}
2022-06-15 10:42:33 DEBUG Starting new HTTP connection (1): localhost:64048
2022-06-15 10:42:36 DEBUG http://localhost:64048 "POST /session HTTP/1.1" 200 799
2022-06-15 10:42:36 DEBUG Finished Request
2022-06-15 10:42:36 DEBUG POST http://localhost:64048/session/798da039653edc1e130aef711aa05a1b/url {"url": "https://mp.weixin.qq.com/"}
2022-06-15 10:42:37 DEBUG http://localhost:64048 "POST /session/798da039653edc1e130aef711aa05a1b/url HTTP/1.1" 200 14
2022-06-15 10:42:37 DEBUG Finished Request
2022-06-15 10:42:52 DEBUG POST http://localhost:64048/session/798da039653edc1e130aef711aa05a1b/url {"url": "https://mp.weixin.qq.com/"}
2022-06-15 10:42:54 DEBUG http://localhost:64048 "POST /session/798da039653edc1e130aef711aa05a1b/url HTTP/1.1" 200 14
2022-06-15 10:42:54 DEBUG Finished Request
2022-06-15 10:42:54 DEBUG GET http://localhost:64048/session/798da039653edc1e130aef711aa05a1b/cookie {}
2022-06-15 10:42:54 DEBUG http://localhost:64048 "GET /session/798da039653edc1e130aef711aa05a1b/cookie HTTP/1.1" 200 1906
2022-06-15 10:42:54 DEBUG Finished Request
2022-06-15 10:42:54 DEBUG Starting new HTTPS connection (1): mp.weixin.qq.com:443
2022-06-15 10:42:55 DEBUG https://mp.weixin.qq.com:443 "GET / HTTP/1.1" 302 15079
2022-06-15 10:42:57 DEBUG https://mp.weixin.qq.com:443 "GET /cgi-bin/home?t=home/index&lang=zh_CN&token=296021395 HTTP/1.1" 200 23880
2022-06-15 10:42:57 DEBUG Starting new HTTPS connection (1): mp.weixin.qq.com:443
2022-06-15 10:42:57 DEBUG https://mp.weixin.qq.com:443 "GET /cgi-bin/searchbiz?action=search_biz&token=296021395&lang=zh_CN&f=json&ajax=1&random=0.557455133291267&query=%E8%BE%B0%E7%95%8C%E6%97%B6&begin=0&count=5 HTTP/1.1" 200 354
2022-06-15 10:42:57 DEBUG Starting new HTTPS connection (1): mp.weixin.qq.com:443
2022-06-15 10:42:58 DEBUG https://mp.weixin.qq.com:443 "GET /cgi-bin/appmsg?token=296021395&lang=zh_CN&f=json&ajax=1&random=0.5149240820775778&action=list_ex&begin=0&count=5&query=&fakeid=MzU4MzYzNjU5NQ%3D%3D&type=9 HTTP/1.1" 200 1564
2022-06-15 10:42:58 DEBUG Starting new HTTPS connection (1): mp.weixin.qq.com:443
2022-06-15 10:42:59 DEBUG https://mp.weixin.qq.com:443 "GET /cgi-bin/appmsg?token=296021395&lang=zh_CN&f=json&ajax=1&random=0.5033414078144649&action=list_ex&begin=0&count=5&query=&fakeid=MzU4MzYzNjU5NQ%3D%3D&type=9 HTTP/1.1" 200 1564
2022-06-15 10:44:07 DEBUG Starting new HTTPS connection (1): mp.weixin.qq.com:443
2022-06-15 10:44:08 DEBUG https://mp.weixin.qq.com:443 "GET /cgi-bin/appmsg?token=296021395&lang=zh_CN&f=json&ajax=1&random=0.8063368811383406&action=list_ex&begin=5&count=5&query=&fakeid=MzU4MzYzNjU5NQ%3D%3D&type=9 HTTP/1.1" 200 1615
2022-06-15 10:45:15 DEBUG Starting new HTTPS connection (1): mp.weixin.qq.com:443
2022-06-15 10:45:16 DEBUG https://mp.weixin.qq.com:443 "GET /cgi-bin/appmsg?token=296021395&lang=zh_CN&f=json&ajax=1&random=0.8732437713198333&action=list_ex&begin=10&count=5&query=&fakeid=MzU4MzYzNjU5NQ%3D%3D&type=9 HTTP/1.1" 200 1024
2022-06-15 10:46:16 DEBUG Starting new HTTPS connection (1): mp.weixin.qq.com:443
2022-06-15 10:46:16 DEBUG https://mp.weixin.qq.com:443 "GET / HTTP/1.1" 302 15079
2022-06-15 10:46:17 DEBUG https://mp.weixin.qq.com:443 "GET /cgi-bin/home?t=home/index&lang=zh_CN&token=296021395 HTTP/1.1" 200 23879
2022-06-15 10:46:17 DEBUG Starting new HTTPS connection (1): mp.weixin.qq.com:443
2022-06-15 10:46:18 DEBUG https://mp.weixin.qq.com:443 "GET /cgi-bin/searchbiz?action=search_biz&token=296021395&lang=zh_CN&f=json&ajax=1&random=0.005984681335504338&query=%E6%A0%B9%E5%BC%A0&begin=0&count=5 HTTP/1.1" 200 1348
2022-06-15 10:46:18 DEBUG Starting new HTTPS connection (1): mp.weixin.qq.com:443
2022-06-15 10:46:20 DEBUG https://mp.weixin.qq.com:443 "GET /cgi-bin/appmsg?token=296021395&lang=zh_CN&f=json&ajax=1&random=0.19484877855294414&action=list_ex&begin=0&count=5&query=&fakeid=MzA5MDQyMjE3Ng%3D%3D&type=9 HTTP/1.1" 200 2166
2022-06-15 10:46:20 DEBUG Starting new HTTPS connection (1): mp.weixin.qq.com:443
2022-06-15 10:46:20 DEBUG https://mp.weixin.qq.com:443 "GET /cgi-bin/appmsg?token=296021395&lang=zh_CN&f=json&ajax=1&random=0.7071190017563381&action=list_ex&begin=0&count=5&query=&fakeid=MzA5MDQyMjE3Ng%3D%3D&type=9 HTTP/1.1" 200 2166
2022-06-15 10:47:38 DEBUG Starting new HTTPS connection (1): mp.weixin.qq.com:443
2022-06-15 10:47:39 DEBUG https://mp.weixin.qq.com:443 "GET /cgi-bin/appmsg?token=296021395&lang=zh_CN&f=json&ajax=1&random=0.26445001329900386&action=list_ex&begin=5&count=5&query=&fakeid=MzA5MDQyMjE3Ng%3D%3D&type=9 HTTP/1.1" 200 1182
2022-06-15 10:48:41 DEBUG Starting new HTTPS connection (1): mp.weixin.qq.com:443
2022-06-15 10:48:42 DEBUG https://mp.weixin.qq.com:443 "GET / HTTP/1.1" 302 15079
2022-06-15 10:48:43 DEBUG https://mp.weixin.qq.com:443 "GET /cgi-bin/home?t=home/index&lang=zh_CN&token=296021395 HTTP/1.1" 200 23878
2022-06-15 10:48:43 DEBUG Starting new HTTPS connection (1): mp.weixin.qq.com:443
2022-06-15 10:48:43 DEBUG https://mp.weixin.qq.com:443 "GET /cgi-bin/searchbiz?action=search_biz&token=296021395&lang=zh_CN&f=json&ajax=1&random=0.4580203805697466&query=HeyBreeze&begin=0&count=5 HTTP/1.1" 200 337
2022-06-15 10:48:43 DEBUG Starting new HTTPS connection (1): mp.weixin.qq.com:443
2022-06-15 10:48:45 DEBUG https://mp.weixin.qq.com:443 "GET /cgi-bin/appmsg?token=296021395&lang=zh_CN&f=json&ajax=1&random=0.31132830707172576&action=list_ex&begin=0&count=5&query=&fakeid=MzUxNDU0MDI2Nw%3D%3D&type=9 HTTP/1.1" 200 1971
2022-06-15 10:48:45 DEBUG Starting new HTTPS connection (1): mp.weixin.qq.com:443
2022-06-15 10:48:46 DEBUG https://mp.weixin.qq.com:443 "GET /cgi-bin/appmsg?token=296021395&lang=zh_CN&f=json&ajax=1&random=0.12745533742981718&action=list_ex&begin=0&count=5&query=&fakeid=MzUxNDU0MDI2Nw%3D%3D&type=9 HTTP/1.1" 200 1971
2022-06-15 10:49:53 DEBUG Starting new HTTPS connection (1): mp.weixin.qq.com:443
2022-06-15 10:49:54 DEBUG https://mp.weixin.qq.com:443 "GET /cgi-bin/appmsg?token=296021395&lang=zh_CN&f=json&ajax=1&random=0.6903967126765486&action=list_ex&begin=5&count=5&query=&fakeid=MzUxNDU0MDI2Nw%3D%3D&type=9 HTTP/1.1" 200 2016
2022-06-15 10:51:01 DEBUG Starting new HTTPS connection (1): mp.weixin.qq.com:443
2022-06-15 10:51:02 DEBUG https://mp.weixin.qq.com:443 "GET /cgi-bin/appmsg?token=296021395&lang=zh_CN&f=json&ajax=1&random=0.7642367447438384&action=list_ex&begin=10&count=5&query=&fakeid=MzUxNDU0MDI2Nw%3D%3D&type=9 HTTP/1.1" 200 2518
2022-06-15 10:52:45 DEBUG POST http://localhost:51676/session {"capabilities": {"firstMatch": [{}], "alwaysMatch": {"browserName": "chrome", "pageLoadStrategy": "normal", "goog:chromeOptions": {"extensions": [], "args": []}}}, "desiredCapabilities": {"browserName": "chrome", "pageLoadStrategy": "normal", "goog:chromeOptions": {"extensions": [], "args": []}}}
2022-06-15 10:52:45 DEBUG Starting new HTTP connection (1): localhost:51676
2022-06-15 10:52:48 DEBUG http://localhost:51676 "POST /session HTTP/1.1" 200 799
2022-06-15 10:52:48 DEBUG Finished Request
2022-06-15 10:52:48 DEBUG POST http://localhost:51676/session/343ed60853c9031fd27eb81aa18b024c/url {"url": "https://mp.weixin.qq.com/"}
2022-06-15 10:52:49 DEBUG http://localhost:51676 "POST /session/343ed60853c9031fd27eb81aa18b024c/url HTTP/1.1" 200 14
2022-06-15 10:52:49 DEBUG Finished Request
2022-06-15 10:53:04 DEBUG POST http://localhost:51676/session/343ed60853c9031fd27eb81aa18b024c/url {"url": "https://mp.weixin.qq.com/"}
2022-06-15 10:53:04 DEBUG http://localhost:51676 "POST /session/343ed60853c9031fd27eb81aa18b024c/url HTTP/1.1" 200 14
2022-06-15 10:53:04 DEBUG Finished Request
2022-06-15 10:53:04 DEBUG GET http://localhost:51676/session/343ed60853c9031fd27eb81aa18b024c/cookie {}
2022-06-15 10:53:04 DEBUG http://localhost:51676 "GET /session/343ed60853c9031fd27eb81aa18b024c/cookie HTTP/1.1" 200 433
2022-06-15 10:53:04 DEBUG Finished Request
2022-06-15 10:53:04 DEBUG Starting new HTTPS connection (1): mp.weixin.qq.com:443
2022-06-15 10:53:05 DEBUG https://mp.weixin.qq.com:443 "GET / HTTP/1.1" 200 13730
2022-06-15 10:53:13 DEBUG POST http://localhost:51897/session {"capabilities": {"firstMatch": [{}], "alwaysMatch": {"browserName": "chrome", "pageLoadStrategy": "normal", "goog:chromeOptions": {"extensions": [], "args": []}}}, "desiredCapabilities": {"browserName": "chrome", "pageLoadStrategy": "normal", "goog:chromeOptions": {"extensions": [], "args": []}}}
2022-06-15 10:53:13 DEBUG Starting new HTTP connection (1): localhost:51897
2022-06-15 10:53:15 DEBUG http://localhost:51897 "POST /session HTTP/1.1" 200 799
2022-06-15 10:53:15 DEBUG Finished Request
2022-06-15 10:53:15 DEBUG POST http://localhost:51897/session/e7e345605c6c5a4884193b7599fe2b60/url {"url": "https://mp.weixin.qq.com/"}
2022-06-15 10:53:16 DEBUG http://localhost:51897 "POST /session/e7e345605c6c5a4884193b7599fe2b60/url HTTP/1.1" 200 14
2022-06-15 10:53:16 DEBUG Finished Request
2022-06-15 10:53:31 DEBUG POST http://localhost:51897/session/e7e345605c6c5a4884193b7599fe2b60/url {"url": "https://mp.weixin.qq.com/"}
2022-06-15 10:53:33 DEBUG http://localhost:51897 "POST /session/e7e345605c6c5a4884193b7599fe2b60/url HTTP/1.1" 200 14
2022-06-15 10:53:33 DEBUG Finished Request
2022-06-15 10:53:33 DEBUG GET http://localhost:51897/session/e7e345605c6c5a4884193b7599fe2b60/cookie {}
2022-06-15 10:53:33 DEBUG http://localhost:51897 "GET /session/e7e345605c6c5a4884193b7599fe2b60/cookie HTTP/1.1" 200 1906
2022-06-15 10:53:33 DEBUG Finished Request
2022-06-15 10:53:33 DEBUG Starting new HTTPS connection (1): mp.weixin.qq.com:443
2022-06-15 10:53:34 DEBUG https://mp.weixin.qq.com:443 "GET / HTTP/1.1" 302 15077
2022-06-15 10:53:35 DEBUG https://mp.weixin.qq.com:443 "GET /cgi-bin/home?t=home/index&lang=zh_CN&token=185136442 HTTP/1.1" 200 23878
2022-06-15 10:53:35 DEBUG Starting new HTTPS connection (1): mp.weixin.qq.com:443
2022-06-15 10:53:36 DEBUG https://mp.weixin.qq.com:443 "GET /cgi-bin/searchbiz?action=search_biz&token=185136442&lang=zh_CN&f=json&ajax=1&random=0.5830411154364555&query=%E7%81%B0%E6%9A%97%E7%9A%84%E7%B4%A7%E8%BF%AB%E6%80%A7&begin=0&count=5 HTTP/1.1" 200 348
2022-06-15 10:53:36 DEBUG Starting new HTTPS connection (1): mp.weixin.qq.com:443
2022-06-15 10:53:37 DEBUG https://mp.weixin.qq.com:443 "GET /cgi-bin/appmsg?token=185136442&lang=zh_CN&f=json&ajax=1&random=0.2817580586518189&action=list_ex&begin=0&count=5&query=&fakeid=MzUzMTc0NDg3OQ%3D%3D&type=9 HTTP/1.1" 200 1796
2022-06-15 10:53:37 DEBUG Starting new HTTPS connection (1): mp.weixin.qq.com:443
2022-06-15 10:53:37 DEBUG https://mp.weixin.qq.com:443 "GET /cgi-bin/appmsg?token=185136442&lang=zh_CN&f=json&ajax=1&random=0.33753596930882535&action=list_ex&begin=0&count=5&query=&fakeid=MzUzMTc0NDg3OQ%3D%3D&type=9 HTTP/1.1" 200 1796
2022-06-15 10:54:44 DEBUG Starting new HTTPS connection (1): mp.weixin.qq.com:443
2022-06-15 10:54:45 DEBUG https://mp.weixin.qq.com:443 "GET /cgi-bin/appmsg?token=185136442&lang=zh_CN&f=json&ajax=1&random=0.6662561074239609&action=list_ex&begin=5&count=5&query=&fakeid=MzUzMTc0NDg3OQ%3D%3D&type=9 HTTP/1.1" 200 1681
2022-06-15 10:55:54 DEBUG Starting new HTTPS connection (1): mp.weixin.qq.com:443
2022-06-15 10:55:55 DEBUG https://mp.weixin.qq.com:443 "GET /cgi-bin/appmsg?token=185136442&lang=zh_CN&f=json&ajax=1&random=0.09287964706448337&action=list_ex&begin=10&count=5&query=&fakeid=MzUzMTc0NDg3OQ%3D%3D&type=9 HTTP/1.1" 200 1377
2022-06-15 10:56:56 DEBUG Starting new HTTPS connection (1): mp.weixin.qq.com:443
2022-06-15 10:56:57 DEBUG https://mp.weixin.qq.com:443 "GET / HTTP/1.1" 302 15077
2022-06-15 10:56:58 DEBUG https://mp.weixin.qq.com:443 "GET /cgi-bin/home?t=home/index&lang=zh_CN&token=185136442 HTTP/1.1" 200 23877
2022-06-15 10:56:58 DEBUG Starting new HTTPS connection (1): mp.weixin.qq.com:443
2022-06-15 10:56:58 DEBUG https://mp.weixin.qq.com:443 "GET /cgi-bin/searchbiz?action=search_biz&token=185136442&lang=zh_CN&f=json&ajax=1&random=0.8558235815544495&query=JSong%E7%9A%84%E6%95%B0%E6%8D%AE%E7%A7%91%E5%AD%A6%E5%B0%8F%E7%AB%99&begin=0&count=5 HTTP/1.1" 200 378
2022-06-15 10:56:58 DEBUG Starting new HTTPS connection (1): mp.weixin.qq.com:443
2022-06-15 10:56:59 DEBUG https://mp.weixin.qq.com:443 "GET /cgi-bin/appmsg?token=185136442&lang=zh_CN&f=json&ajax=1&random=0.31048883634331603&action=list_ex&begin=0&count=5&query=&fakeid=MzIwMDA4ODI0Ng%3D%3D&type=9 HTTP/1.1" 200 1784
2022-06-15 10:56:59 DEBUG Starting new HTTPS connection (1): mp.weixin.qq.com:443
2022-06-15 10:57:00 DEBUG https://mp.weixin.qq.com:443 "GET /cgi-bin/appmsg?token=185136442&lang=zh_CN&f=json&ajax=1&random=0.06482294297318791&action=list_ex&begin=0&count=5&query=&fakeid=MzIwMDA4ODI0Ng%3D%3D&type=9 HTTP/1.1" 200 1784
2022-06-15 10:57:39 DEBUG POST http://localhost:53626/session {"capabilities": {"firstMatch": [{}], "alwaysMatch": {"browserName": "chrome", "pageLoadStrategy": "normal", "goog:chromeOptions": {"extensions": [], "args": []}}}, "desiredCapabilities": {"browserName": "chrome", "pageLoadStrategy": "normal", "goog:chromeOptions": {"extensions": [], "args": []}}}
2022-06-15 10:57:39 DEBUG Starting new HTTP connection (1): localhost:53626
2022-06-15 10:57:42 DEBUG http://localhost:53626 "POST /session HTTP/1.1" 200 799
2022-06-15 10:57:42 DEBUG Finished Request
2022-06-15 10:57:42 DEBUG POST http://localhost:53626/session/f7c0fb123f938bd4cea543deeafa1dd7/url {"url": "https://mp.weixin.qq.com/"}
2022-06-15 10:57:43 DEBUG http://localhost:53626 "POST /session/f7c0fb123f938bd4cea543deeafa1dd7/url HTTP/1.1" 200 14
2022-06-15 10:57:43 DEBUG Finished Request
2022-06-15 10:57:58 DEBUG POST http://localhost:53626/session/f7c0fb123f938bd4cea543deeafa1dd7/url {"url": "https://mp.weixin.qq.com/"}
2022-06-15 10:57:59 DEBUG http://localhost:53626 "POST /session/f7c0fb123f938bd4cea543deeafa1dd7/url HTTP/1.1" 200 14
2022-06-15 10:57:59 DEBUG Finished Request
2022-06-15 10:57:59 DEBUG GET http://localhost:53626/session/f7c0fb123f938bd4cea543deeafa1dd7/cookie {}
2022-06-15 10:57:59 DEBUG http://localhost:53626 "GET /session/f7c0fb123f938bd4cea543deeafa1dd7/cookie HTTP/1.1" 200 433
2022-06-15 10:57:59 DEBUG Finished Request
2022-06-15 10:57:59 DEBUG Starting new HTTPS connection (1): mp.weixin.qq.com:443
2022-06-15 10:57:59 DEBUG https://mp.weixin.qq.com:443 "GET / HTTP/1.1" 200 13730
2022-06-15 11:07:45 DEBUG POST http://localhost:57004/session {"capabilities": {"firstMatch": [{}], "alwaysMatch": {"browserName": "chrome", "pageLoadStrategy": "normal", "goog:chromeOptions": {"extensions": [], "args": []}}}, "desiredCapabilities": {"browserName": "chrome", "pageLoadStrategy": "normal", "goog:chromeOptions": {"extensions": [], "args": []}}}
2022-06-15 11:07:45 DEBUG Starting new HTTP connection (1): localhost:57004
2022-06-15 11:07:47 DEBUG http://localhost:57004 "POST /session HTTP/1.1" 200 799
2022-06-15 11:07:47 DEBUG Finished Request
2022-06-15 11:07:47 DEBUG POST http://localhost:57004/session/fb9f51bf43795debbfa51d0aba9ae7e9/url {"url": "https://mp.weixin.qq.com/"}
2022-06-15 11:07:49 DEBUG http://localhost:57004 "POST /session/fb9f51bf43795debbfa51d0aba9ae7e9/url HTTP/1.1" 200 14
2022-06-15 11:07:49 DEBUG Finished Request
2022-06-15 11:08:02 DEBUG POST http://localhost:57133/session {"capabilities": {"firstMatch": [{}], "alwaysMatch": {"browserName": "chrome", "pageLoadStrategy": "normal", "goog:chromeOptions": {"extensions": [], "args": []}}}, "desiredCapabilities": {"browserName": "chrome", "pageLoadStrategy": "normal", "goog:chromeOptions": {"extensions": [], "args": []}}}
2022-06-15 11:08:02 DEBUG Starting new HTTP connection (1): localhost:57133
2022-06-15 11:08:06 DEBUG http://localhost:57133 "POST /session HTTP/1.1" 200 799
2022-06-15 11:08:06 DEBUG Finished Request
2022-06-15 11:08:06 DEBUG POST http://localhost:57133/session/4a87402b293016f81775cb08ada9614f/url {"url": "https://mp.weixin.qq.com/"}
2022-06-15 11:08:09 DEBUG http://localhost:57133 "POST /session/4a87402b293016f81775cb08ada9614f/url HTTP/1.1" 200 14
2022-06-15 11:08:09 DEBUG Finished Request
2022-06-15 11:08:24 DEBUG POST http://localhost:57133/session/4a87402b293016f81775cb08ada9614f/url {"url": "https://mp.weixin.qq.com/"}
2022-06-15 11:08:26 DEBUG http://localhost:57133 "POST /session/4a87402b293016f81775cb08ada9614f/url HTTP/1.1" 200 14
2022-06-15 11:08:26 DEBUG Finished Request
2022-06-15 11:08:26 DEBUG GET http://localhost:57133/session/4a87402b293016f81775cb08ada9614f/cookie {}
2022-06-15 11:08:26 DEBUG http://localhost:57133 "GET /session/4a87402b293016f81775cb08ada9614f/cookie HTTP/1.1" 200 1906
2022-06-15 11:08:26 DEBUG Finished Request
2022-06-15 11:08:26 DEBUG Starting new HTTPS connection (1): mp.weixin.qq.com:443
2022-06-15 11:08:27 DEBUG https://mp.weixin.qq.com:443 "GET / HTTP/1.1" 302 15077
2022-06-15 11:08:28 DEBUG https://mp.weixin.qq.com:443 "GET /cgi-bin/home?t=home/index&lang=zh_CN&token=625311073 HTTP/1.1" 200 23875
2022-06-15 11:08:28 DEBUG Starting new HTTPS connection (1): mp.weixin.qq.com:443
2022-06-15 11:08:29 DEBUG https://mp.weixin.qq.com:443 "GET /cgi-bin/searchbiz?action=search_biz&token=625311073&lang=zh_CN&f=json&ajax=1&random=0.8051822702066088&query=%E6%BA%AF%E5%9B%9E%E6%96%87%E8%89%BA&begin=0&count=5 HTTP/1.1" 200 1087
2022-06-15 11:08:29 DEBUG Starting new HTTPS connection (1): mp.weixin.qq.com:443
2022-06-15 11:08:30 DEBUG https://mp.weixin.qq.com:443 "GET /cgi-bin/appmsg?token=625311073&lang=zh_CN&f=json&ajax=1&random=0.7254012224307851&action=list_ex&begin=0&count=5&query=&fakeid=MzU5NDgwNjE3Mw%3D%3D&type=9 HTTP/1.1" 200 1698
2022-06-15 11:08:30 DEBUG Starting new HTTPS connection (1): mp.weixin.qq.com:443
2022-06-15 11:08:31 DEBUG https://mp.weixin.qq.com:443 "GET /cgi-bin/appmsg?token=625311073&lang=zh_CN&f=json&ajax=1&random=0.8760784786727249&action=list_ex&begin=0&count=5&query=&fakeid=MzU5NDgwNjE3Mw%3D%3D&type=9 HTTP/1.1" 200 1698
2022-06-15 11:09:38 DEBUG Starting new HTTPS connection (1): mp.weixin.qq.com:443
2022-06-15 11:09:40 DEBUG https://mp.weixin.qq.com:443 "GET /cgi-bin/appmsg?token=625311073&lang=zh_CN&f=json&ajax=1&random=0.8325768613764088&action=list_ex&begin=5&count=5&query=&fakeid=MzU5NDgwNjE3Mw%3D%3D&type=9 HTTP/1.1" 200 1771
2022-06-15 11:10:52 DEBUG Starting new HTTPS connection (1): mp.weixin.qq.com:443
2022-06-15 11:10:53 DEBUG https://mp.weixin.qq.com:443 "GET /cgi-bin/appmsg?token=625311073&lang=zh_CN&f=json&ajax=1&random=0.43081156890444483&action=list_ex&begin=10&count=5&query=&fakeid=MzU5NDgwNjE3Mw%3D%3D&type=9 HTTP/1.1" 200 1726
2022-06-15 11:12:00 DEBUG Starting new HTTPS connection (1): mp.weixin.qq.com:443
2022-06-15 11:12:01 DEBUG https://mp.weixin.qq.com:443 "GET /cgi-bin/appmsg?token=625311073&lang=zh_CN&f=json&ajax=1&random=0.5683018565950133&action=list_ex&begin=15&count=5&query=&fakeid=MzU5NDgwNjE3Mw%3D%3D&type=9 HTTP/1.1" 200 1646
2022-06-15 11:13:08 DEBUG Starting new HTTPS connection (1): mp.weixin.qq.com:443
2022-06-15 11:13:09 DEBUG https://mp.weixin.qq.com:443 "GET /cgi-bin/appmsg?token=625311073&lang=zh_CN&f=json&ajax=1&random=0.23379912378356282&action=list_ex&begin=20&count=5&query=&fakeid=MzU5NDgwNjE3Mw%3D%3D&type=9 HTTP/1.1" 200 1838
2022-06-15 11:13:29 DEBUG POST http://localhost:59275/session {"capabilities": {"firstMatch": [{}], "alwaysMatch": {"browserName": "chrome", "pageLoadStrategy": "normal", "goog:chromeOptions": {"extensions": [], "args": []}}}, "desiredCapabilities": {"browserName": "chrome", "pageLoadStrategy": "normal", "goog:chromeOptions": {"extensions": [], "args": []}}}
2022-06-15 11:13:29 DEBUG Starting new HTTP connection (1): localhost:59275
2022-06-15 11:13:32 DEBUG http://localhost:59275 "POST /session HTTP/1.1" 200 799
2022-06-15 11:13:32 DEBUG Finished Request
2022-06-15 11:13:32 DEBUG POST http://localhost:59275/session/5ba2ab9437a683a31a114f940c95a2fe/url {"url": "https://mp.weixin.qq.com/"}
2022-06-15 11:13:33 DEBUG http://localhost:59275 "POST /session/5ba2ab9437a683a31a114f940c95a2fe/url HTTP/1.1" 200 14
2022-06-15 11:13:33 DEBUG Finished Request
2022-06-15 11:13:48 DEBUG POST http://localhost:59422/session {"capabilities": {"firstMatch": [{}], "alwaysMatch": {"browserName": "chrome", "pageLoadStrategy": "normal", "goog:chromeOptions": {"extensions": [], "args": []}}}, "desiredCapabilities": {"browserName": "chrome", "pageLoadStrategy": "normal", "goog:chromeOptions": {"extensions": [], "args": []}}}
2022-06-15 11:13:48 DEBUG Starting new HTTP connection (1): localhost:59422
2022-06-15 11:13:50 DEBUG http://localhost:59422 "POST /session HTTP/1.1" 200 799
2022-06-15 11:13:50 DEBUG Finished Request
2022-06-15 11:13:50 DEBUG POST http://localhost:59422/session/99f366417de232553205527f35874f45/url {"url": "https://mp.weixin.qq.com/"}
2022-06-15 11:13:51 DEBUG http://localhost:59422 "POST /session/99f366417de232553205527f35874f45/url HTTP/1.1" 200 14
2022-06-15 11:13:51 DEBUG Finished Request
2022-06-15 11:14:06 DEBUG POST http://localhost:59422/session/99f366417de232553205527f35874f45/url {"url": "https://mp.weixin.qq.com/"}
2022-06-15 11:14:08 DEBUG http://localhost:59422 "POST /session/99f366417de232553205527f35874f45/url HTTP/1.1" 200 14
2022-06-15 11:14:08 DEBUG Finished Request
2022-06-15 11:14:08 DEBUG GET http://localhost:59422/session/99f366417de232553205527f35874f45/cookie {}
2022-06-15 11:14:08 DEBUG http://localhost:59422 "GET /session/99f366417de232553205527f35874f45/cookie HTTP/1.1" 200 1906
2022-06-15 11:14:08 DEBUG Finished Request
2022-06-15 11:14:08 DEBUG Starting new HTTPS connection (1): mp.weixin.qq.com:443
2022-06-15 11:14:09 DEBUG https://mp.weixin.qq.com:443 "GET / HTTP/1.1" 302 15078
2022-06-15 11:14:10 DEBUG https://mp.weixin.qq.com:443 "GET /cgi-bin/home?t=home/index&lang=zh_CN&token=1088586554 HTTP/1.1" 200 23878
2022-06-15 11:14:10 DEBUG Starting new HTTPS connection (1): mp.weixin.qq.com:443
2022-06-15 11:14:11 DEBUG https://mp.weixin.qq.com:443 "GET /cgi-bin/searchbiz?action=search_biz&token=1088586554&lang=zh_CN&f=json&ajax=1&random=0.042674499249707565&query=%E6%BA%AF%E5%9B%9E%E6%96%87%E8%89%BA&begin=0&count=5 HTTP/1.1" 200 1087
2022-06-15 11:14:11 DEBUG Starting new HTTPS connection (1): mp.weixin.qq.com:443
2022-06-15 11:14:12 DEBUG https://mp.weixin.qq.com:443 "GET /cgi-bin/appmsg?token=1088586554&lang=zh_CN&f=json&ajax=1&random=0.41461353088351616&action=list_ex&begin=0&count=5&query=&fakeid=MzU5NDgwNjE3Mw%3D%3D&type=9 HTTP/1.1" 200 1698
2022-06-15 11:14:12 DEBUG Starting new HTTPS connection (1): mp.weixin.qq.com:443
2022-06-15 11:14:13 DEBUG https://mp.weixin.qq.com:443 "GET /cgi-bin/appmsg?token=1088586554&lang=zh_CN&f=json&ajax=1&random=0.4809068976480927&action=list_ex&begin=21&count=5&query=&fakeid=MzU5NDgwNjE3Mw%3D%3D&type=9 HTTP/1.1" 200 1880
2022-06-15 11:15:21 DEBUG Starting new HTTPS connection (1): mp.weixin.qq.com:443
2022-06-15 11:15:22 DEBUG https://mp.weixin.qq.com:443 "GET /cgi-bin/appmsg?token=1088586554&lang=zh_CN&f=json&ajax=1&random=0.8516766427008889&action=list_ex&begin=26&count=5&query=&fakeid=MzU5NDgwNjE3Mw%3D%3D&type=9 HTTP/1.1" 200 1767
2022-06-15 11:16:35 DEBUG Starting new HTTPS connection (1): mp.weixin.qq.com:443
2022-06-15 11:16:36 DEBUG https://mp.weixin.qq.com:443 "GET /cgi-bin/appmsg?token=1088586554&lang=zh_CN&f=json&ajax=1&random=0.3267317472502871&action=list_ex&begin=31&count=5&query=&fakeid=MzU5NDgwNjE3Mw%3D%3D&type=9 HTTP/1.1" 200 734
2022-06-15 11:17:33 DEBUG Starting new HTTPS connection (1): mp.weixin.qq.com:443
2022-06-15 11:17:33 DEBUG https://mp.weixin.qq.com:443 "GET /cgi-bin/appmsg?token=1088586554&lang=zh_CN&f=json&ajax=1&random=0.4640505308673636&action=list_ex&begin=36&count=5&query=&fakeid=MzU5NDgwNjE3Mw%3D%3D&type=9 HTTP/1.1" 200 73
2022-06-15 11:18:23 DEBUG Starting new HTTPS connection (1): mp.weixin.qq.com:443
2022-06-15 11:18:24 DEBUG https://mp.weixin.qq.com:443 "GET /cgi-bin/appmsg?token=1088586554&lang=zh_CN&f=json&ajax=1&random=0.8974100903549898&action=list_ex&begin=41&count=5&query=&fakeid=MzU5NDgwNjE3Mw%3D%3D&type=9 HTTP/1.1" 200 73
2022-06-15 11:19:14 DEBUG Starting new HTTPS connection (1): mp.weixin.qq.com:443
2022-06-15 11:19:14 DEBUG https://mp.weixin.qq.com:443 "GET /cgi-bin/appmsg?token=1088586554&lang=zh_CN&f=json&ajax=1&random=0.4180764195357143&action=list_ex&begin=46&count=5&query=&fakeid=MzU5NDgwNjE3Mw%3D%3D&type=9 HTTP/1.1" 200 73
2022-06-15 11:20:04 DEBUG Starting new HTTPS connection (1): mp.weixin.qq.com:443
2022-06-15 11:20:05 DEBUG https://mp.weixin.qq.com:443 "GET /cgi-bin/appmsg?token=1088586554&lang=zh_CN&f=json&ajax=1&random=0.12599201135521254&action=list_ex&begin=51&count=5&query=&fakeid=MzU5NDgwNjE3Mw%3D%3D&type=9 HTTP/1.1" 200 73
2022-06-15 11:20:55 DEBUG Starting new HTTPS connection (1): mp.weixin.qq.com:443
2022-06-15 11:20:56 DEBUG https://mp.weixin.qq.com:443 "GET / HTTP/1.1" 302 15078
2022-06-15 11:20:56 DEBUG https://mp.weixin.qq.com:443 "GET /cgi-bin/home?t=home/index&lang=zh_CN&token=1088586554 HTTP/1.1" 200 23878
2022-06-15 11:20:57 DEBUG Starting new HTTPS connection (1): mp.weixin.qq.com:443
2022-06-15 11:20:57 DEBUG https://mp.weixin.qq.com:443 "GET /cgi-bin/searchbiz?action=search_biz&token=1088586554&lang=zh_CN&f=json&ajax=1&random=0.003266950657862866&query=%E5%86%B7%E7%BD%90%E7%BD%90&begin=0&count=5 HTTP/1.1" 200 1167
2022-06-15 11:20:57 DEBUG Starting new HTTPS connection (1): mp.weixin.qq.com:443
2022-06-15 11:20:59 DEBUG https://mp.weixin.qq.com:443 "GET /cgi-bin/appmsg?token=1088586554&lang=zh_CN&f=json&ajax=1&random=0.16459575805557236&action=list_ex&begin=0&count=5&query=&fakeid=MzkyMTI5Nzc0NA%3D%3D&type=9 HTTP/1.1" 200 1507
2022-06-15 11:20:59 DEBUG Starting new HTTPS connection (1): mp.weixin.qq.com:443
2022-06-15 11:20:59 DEBUG https://mp.weixin.qq.com:443 "GET /cgi-bin/appmsg?token=1088586554&lang=zh_CN&f=json&ajax=1&random=0.45921252495499876&action=list_ex&begin=21&count=5&query=&fakeid=MzkyMTI5Nzc0NA%3D%3D&type=9 HTTP/1.1" 200 1187
2022-06-15 11:22:05 DEBUG Starting new HTTPS connection (1): mp.weixin.qq.com:443
2022-06-15 11:22:05 DEBUG https://mp.weixin.qq.com:443 "GET /cgi-bin/appmsg?token=1088586554&lang=zh_CN&f=json&ajax=1&random=0.15011020407965292&action=list_ex&begin=26&count=5&query=&fakeid=MzkyMTI5Nzc0NA%3D%3D&type=9 HTTP/1.1" 200 73
2022-06-15 11:22:55 DEBUG Starting new HTTPS connection (1): mp.weixin.qq.com:443
2022-06-15 11:22:55 DEBUG https://mp.weixin.qq.com:443 "GET /cgi-bin/appmsg?token=1088586554&lang=zh_CN&f=json&ajax=1&random=0.5348808715468503&action=list_ex&begin=31&count=5&query=&fakeid=MzkyMTI5Nzc0NA%3D%3D&type=9 HTTP/1.1" 200 73
2022-06-15 11:23:45 DEBUG Starting new HTTPS connection (1): mp.weixin.qq.com:443
2022-06-15 11:23:46 DEBUG https://mp.weixin.qq.com:443 "GET /cgi-bin/appmsg?token=1088586554&lang=zh_CN&f=json&ajax=1&random=0.8521293246260488&action=list_ex&begin=36&count=5&query=&fakeid=MzkyMTI5Nzc0NA%3D%3D&type=9 HTTP/1.1" 200 73
2022-06-15 11:24:36 DEBUG Starting new HTTPS connection (1): mp.weixin.qq.com:443
2022-06-15 11:24:37 DEBUG https://mp.weixin.qq.com:443 "GET /cgi-bin/appmsg?token=1088586554&lang=zh_CN&f=json&ajax=1&random=0.11690483910360427&action=list_ex&begin=41&count=5&query=&fakeid=MzkyMTI5Nzc0NA%3D%3D&type=9 HTTP/1.1" 200 73
2022-06-15 11:25:27 DEBUG Starting new HTTPS connection (1): mp.weixin.qq.com:443
2022-06-15 11:25:28 DEBUG https://mp.weixin.qq.com:443 "GET / HTTP/1.1" 302 15078
2022-06-15 11:25:28 DEBUG https://mp.weixin.qq.com:443 "GET /cgi-bin/home?t=home/index&lang=zh_CN&token=1088586554 HTTP/1.1" 200 23878
2022-06-15 11:25:29 DEBUG Starting new HTTPS connection (1): mp.weixin.qq.com:443
2022-06-15 11:25:29 DEBUG https://mp.weixin.qq.com:443 "GET /cgi-bin/searchbiz?action=search_biz&token=1088586554&lang=zh_CN&f=json&ajax=1&random=0.5458680654492487&query=%E6%9D%8E%E9%95%9C%E5%90%88&begin=0&count=5 HTTP/1.1" 200 399
2022-06-15 11:25:29 DEBUG Starting new HTTPS connection (1): mp.weixin.qq.com:443
2022-06-15 11:25:30 DEBUG https://mp.weixin.qq.com:443 "GET /cgi-bin/appmsg?token=1088586554&lang=zh_CN&f=json&ajax=1&random=0.6075254319391038&action=list_ex&begin=0&count=5&query=&fakeid=MzU5NzA0MDkxNw%3D%3D&type=9 HTTP/1.1" 200 1738
2022-06-15 11:25:30 DEBUG Starting new HTTPS connection (1): mp.weixin.qq.com:443
2022-06-15 11:25:31 DEBUG https://mp.weixin.qq.com:443 "GET /cgi-bin/appmsg?token=1088586554&lang=zh_CN&f=json&ajax=1&random=0.5826042116009107&action=list_ex&begin=21&count=5&query=&fakeid=MzU5NzA0MDkxNw%3D%3D&type=9 HTTP/1.1" 200 1737
2022-06-15 11:26:56 DEBUG Starting new HTTPS connection (1): mp.weixin.qq.com:443
2022-06-15 11:26:58 DEBUG https://mp.weixin.qq.com:443 "GET /cgi-bin/appmsg?token=1088586554&lang=zh_CN&f=json&ajax=1&random=0.7190039306344217&action=list_ex&begin=26&count=5&query=&fakeid=MzU5NzA0MDkxNw%3D%3D&type=9 HTTP/1.1" 200 1790
2022-06-15 11:27:56 DEBUG POST http://localhost:64853/session {"capabilities": {"firstMatch": [{}], "alwaysMatch": {"browserName": "chrome", "pageLoadStrategy": "normal", "goog:chromeOptions": {"extensions": [], "args": []}}}, "desiredCapabilities": {"browserName": "chrome", "pageLoadStrategy": "normal", "goog:chromeOptions": {"extensions": [], "args": []}}}
2022-06-15 11:27:56 DEBUG Starting new HTTP connection (1): localhost:64853
2022-06-15 11:27:58 DEBUG http://localhost:64853 "POST /session HTTP/1.1" 200 799
2022-06-15 11:27:58 DEBUG Finished Request
2022-06-15 11:27:58 DEBUG POST http://localhost:64853/session/94f3d0456201ba907d027fc5d3fd0c5d/url {"url": "https://mp.weixin.qq.com/"}
2022-06-15 11:28:00 DEBUG http://localhost:64853 "POST /session/94f3d0456201ba907d027fc5d3fd0c5d/url HTTP/1.1" 200 14
2022-06-15 11:28:00 DEBUG Finished Request
2022-06-15 11:28:15 DEBUG POST http://localhost:64853/session/94f3d0456201ba907d027fc5d3fd0c5d/url {"url": "https://mp.weixin.qq.com/"}
2022-06-15 11:28:15 DEBUG http://localhost:64853 "POST /session/94f3d0456201ba907d027fc5d3fd0c5d/url HTTP/1.1" 200 14
2022-06-15 11:28:15 DEBUG Finished Request
2022-06-15 11:28:15 DEBUG GET http://localhost:64853/session/94f3d0456201ba907d027fc5d3fd0c5d/cookie {}
2022-06-15 11:28:15 DEBUG http://localhost:64853 "GET /session/94f3d0456201ba907d027fc5d3fd0c5d/cookie HTTP/1.1" 200 433
2022-06-15 11:28:15 DEBUG Finished Request
2022-06-15 11:28:16 DEBUG Starting new HTTPS connection (1): mp.weixin.qq.com:443
2022-06-15 11:28:16 DEBUG https://mp.weixin.qq.com:443 "GET / HTTP/1.1" 200 13729
2022-06-15 11:28:26 DEBUG POST http://localhost:65068/session {"capabilities": {"firstMatch": [{}], "alwaysMatch": {"browserName": "chrome", "pageLoadStrategy": "normal", "goog:chromeOptions": {"extensions": [], "args": []}}}, "desiredCapabilities": {"browserName": "chrome", "pageLoadStrategy": "normal", "goog:chromeOptions": {"extensions": [], "args": []}}}
2022-06-15 11:28:26 DEBUG Starting new HTTP connection (1): localhost:65068
2022-06-15 11:28:28 DEBUG http://localhost:65068 "POST /session HTTP/1.1" 200 799
2022-06-15 11:28:28 DEBUG Finished Request
2022-06-15 11:28:28 DEBUG POST http://localhost:65068/session/e07fc65d108b560ff5d920717d1ed69c/url {"url": "https://mp.weixin.qq.com/"}
2022-06-15 11:28:30 DEBUG http://localhost:65068 "POST /session/e07fc65d108b560ff5d920717d1ed69c/url HTTP/1.1" 200 14
2022-06-15 11:28:30 DEBUG Finished Request
2022-06-15 11:28:45 DEBUG POST http://localhost:65068/session/e07fc65d108b560ff5d920717d1ed69c/url {"url": "https://mp.weixin.qq.com/"}
2022-06-15 11:28:49 DEBUG http://localhost:65068 "POST /session/e07fc65d108b560ff5d920717d1ed69c/url HTTP/1.1" 200 14
2022-06-15 11:28:49 DEBUG Finished Request
2022-06-15 11:28:49 DEBUG GET http://localhost:65068/session/e07fc65d108b560ff5d920717d1ed69c/cookie {}
2022-06-15 11:28:49 DEBUG http://localhost:65068 "GET /session/e07fc65d108b560ff5d920717d1ed69c/cookie HTTP/1.1" 200 1906
2022-06-15 11:28:49 DEBUG Finished Request
2022-06-15 11:28:49 DEBUG Starting new HTTPS connection (1): mp.weixin.qq.com:443
2022-06-15 11:28:50 DEBUG https://mp.weixin.qq.com:443 "GET / HTTP/1.1" 302 15078
2022-06-15 11:28:51 DEBUG https://mp.weixin.qq.com:443 "GET /cgi-bin/home?t=home/index&lang=zh_CN&token=752750925 HTTP/1.1" 200 23881
2022-06-15 11:28:51 DEBUG Starting new HTTPS connection (1): mp.weixin.qq.com:443
2022-06-15 11:28:51 DEBUG https://mp.weixin.qq.com:443 "GET /cgi-bin/searchbiz?action=search_biz&token=752750925&lang=zh_CN&f=json&ajax=1&random=0.2482523169158838&query=%E5%86%B7%E7%BD%90%E7%BD%90&begin=0&count=5 HTTP/1.1" 200 1167
2022-06-15 11:28:51 DEBUG Starting new HTTPS connection (1): mp.weixin.qq.com:443
2022-06-15 11:28:52 DEBUG https://mp.weixin.qq.com:443 "GET /cgi-bin/appmsg?token=752750925&lang=zh_CN&f=json&ajax=1&random=0.9802828775249105&action=list_ex&begin=0&count=5&query=&fakeid=MzkyMTI5Nzc0NA%3D%3D&type=9 HTTP/1.1" 200 1507
2022-06-15 11:28:52 DEBUG Starting new HTTPS connection (1): mp.weixin.qq.com:443
2022-06-15 11:28:53 DEBUG https://mp.weixin.qq.com:443 "GET /cgi-bin/appmsg?token=752750925&lang=zh_CN&f=json&ajax=1&random=0.2876359345874251&action=list_ex&begin=0&count=5&query=&fakeid=MzkyMTI5Nzc0NA%3D%3D&type=9 HTTP/1.1" 200 1507
2022-06-15 11:30:08 DEBUG Starting new HTTPS connection (1): mp.weixin.qq.com:443
2022-06-15 11:30:09 DEBUG https://mp.weixin.qq.com:443 "GET /cgi-bin/appmsg?token=752750925&lang=zh_CN&f=json&ajax=1&random=0.9707297058780011&action=list_ex&begin=5&count=5&query=&fakeid=MzkyMTI5Nzc0NA%3D%3D&type=9 HTTP/1.1" 200 1578
2022-06-15 11:31:21 DEBUG Starting new HTTPS connection (1): mp.weixin.qq.com:443
2022-06-15 11:31:22 DEBUG https://mp.weixin.qq.com:443 "GET /cgi-bin/appmsg?token=752750925&lang=zh_CN&f=json&ajax=1&random=0.08144394385764286&action=list_ex&begin=10&count=5&query=&fakeid=MzkyMTI5Nzc0NA%3D%3D&type=9 HTTP/1.1" 200 1567
2022-06-15 11:32:26 DEBUG Starting new HTTPS connection (1): mp.weixin.qq.com:443
2022-06-15 11:32:27 DEBUG https://mp.weixin.qq.com:443 "GET /cgi-bin/appmsg?token=752750925&lang=zh_CN&f=json&ajax=1&random=0.5081885140294033&action=list_ex&begin=15&count=5&query=&fakeid=MzkyMTI5Nzc0NA%3D%3D&type=9 HTTP/1.1" 200 1774
2022-06-15 11:33:37 DEBUG Starting new HTTPS connection (1): mp.weixin.qq.com:443
2022-06-15 11:33:38 DEBUG https://mp.weixin.qq.com:443 "GET /cgi-bin/appmsg?token=752750925&lang=zh_CN&f=json&ajax=1&random=0.2013542319772077&action=list_ex&begin=20&count=5&query=&fakeid=MzkyMTI5Nzc0NA%3D%3D&type=9 HTTP/1.1" 200 1390
2022-06-15 11:34:49 DEBUG Starting new HTTPS connection (1): mp.weixin.qq.com:443
2022-06-15 11:34:50 DEBUG https://mp.weixin.qq.com:443 "GET / HTTP/1.1" 302 15079
2022-06-15 11:34:51 DEBUG https://mp.weixin.qq.com:443 "GET /cgi-bin/home?t=home/index&lang=zh_CN&token=752750925 HTTP/1.1" 200 23880
2022-06-15 11:34:51 DEBUG Starting new HTTPS connection (1): mp.weixin.qq.com:443
2022-06-15 11:34:52 DEBUG https://mp.weixin.qq.com:443 "GET /cgi-bin/searchbiz?action=search_biz&token=752750925&lang=zh_CN&f=json&ajax=1&random=0.21445196381456266&query=%E6%9D%8E%E9%95%9C%E5%90%88&begin=0&count=5 HTTP/1.1" 200 399
2022-06-15 11:34:52 DEBUG Starting new HTTPS connection (1): mp.weixin.qq.com:443
2022-06-15 11:34:53 DEBUG https://mp.weixin.qq.com:443 "GET /cgi-bin/appmsg?token=752750925&lang=zh_CN&f=json&ajax=1&random=0.23261151888885734&action=list_ex&begin=0&count=5&query=&fakeid=MzU5NzA0MDkxNw%3D%3D&type=9 HTTP/1.1" 200 1738
2022-06-15 11:34:53 DEBUG Starting new HTTPS connection (1): mp.weixin.qq.com:443
2022-06-15 11:34:53 DEBUG https://mp.weixin.qq.com:443 "GET /cgi-bin/appmsg?token=752750925&lang=zh_CN&f=json&ajax=1&random=0.1994207151198849&action=list_ex&begin=0&count=5&query=&fakeid=MzU5NzA0MDkxNw%3D%3D&type=9 HTTP/1.1" 200 1738
2022-06-15 11:36:03 DEBUG Starting new HTTPS connection (1): mp.weixin.qq.com:443
2022-06-15 11:36:05 DEBUG https://mp.weixin.qq.com:443 "GET /cgi-bin/appmsg?token=752750925&lang=zh_CN&f=json&ajax=1&random=0.018693330989121626&action=list_ex&begin=5&count=5&query=&fakeid=MzU5NzA0MDkxNw%3D%3D&type=9 HTTP/1.1" 200 2262
2022-06-15 11:38:16 DEBUG POST http://localhost:52581/session {"capabilities": {"firstMatch": [{}], "alwaysMatch": {"browserName": "chrome", "pageLoadStrategy": "normal", "goog:chromeOptions": {"extensions": [], "args": []}}}, "desiredCapabilities": {"browserName": "chrome", "pageLoadStrategy": "normal", "goog:chromeOptions": {"extensions": [], "args": []}}}
2022-06-15 11:38:16 DEBUG Starting new HTTP connection (1): localhost:52581
2022-06-15 11:38:19 DEBUG http://localhost:52581 "POST /session HTTP/1.1" 200 799
2022-06-15 11:38:19 DEBUG Finished Request
2022-06-15 11:38:19 DEBUG POST http://localhost:52581/session/eabf3e4775c91b7ec825d70d3b02f66b/url {"url": "https://mp.weixin.qq.com/"}
2022-06-15 11:38:21 DEBUG http://localhost:52581 "POST /session/eabf3e4775c91b7ec825d70d3b02f66b/url HTTP/1.1" 200 14
2022-06-15 11:38:21 DEBUG Finished Request
2022-06-15 11:38:36 DEBUG POST http://localhost:52581/session/eabf3e4775c91b7ec825d70d3b02f66b/url {"url": "https://mp.weixin.qq.com/"}
2022-06-15 11:38:36 DEBUG http://localhost:52581 "POST /session/eabf3e4775c91b7ec825d70d3b02f66b/url HTTP/1.1" 200 14
2022-06-15 11:38:36 DEBUG Finished Request
2022-06-15 11:38:36 DEBUG GET http://localhost:52581/session/eabf3e4775c91b7ec825d70d3b02f66b/cookie {}
2022-06-15 11:38:36 DEBUG http://localhost:52581 "GET /session/eabf3e4775c91b7ec825d70d3b02f66b/cookie HTTP/1.1" 200 433
2022-06-15 11:38:36 DEBUG Finished Request
2022-06-15 11:38:36 DEBUG Starting new HTTPS connection (1): mp.weixin.qq.com:443
2022-06-15 11:38:37 DEBUG https://mp.weixin.qq.com:443 "GET / HTTP/1.1" 200 13729
2022-06-15 11:38:43 DEBUG POST http://localhost:52772/session {"capabilities": {"firstMatch": [{}], "alwaysMatch": {"browserName": "chrome", "pageLoadStrategy": "normal", "goog:chromeOptions": {"extensions": [], "args": []}}}, "desiredCapabilities": {"browserName": "chrome", "pageLoadStrategy": "normal", "goog:chromeOptions": {"extensions": [], "args": []}}}
2022-06-15 11:38:43 DEBUG Starting new HTTP connection (1): localhost:52772
2022-06-15 11:38:45 DEBUG http://localhost:52772 "POST /session HTTP/1.1" 200 799
2022-06-15 11:38:45 DEBUG Finished Request
2022-06-15 11:38:45 DEBUG POST http://localhost:52772/session/60ff9e8c963593affeed54e03f05a3ce/url {"url": "https://mp.weixin.qq.com/"}
2022-06-15 11:38:46 DEBUG http://localhost:52772 "POST /session/60ff9e8c963593affeed54e03f05a3ce/url HTTP/1.1" 200 14
2022-06-15 11:38:46 DEBUG Finished Request
2022-06-15 11:39:01 DEBUG POST http://localhost:52772/session/60ff9e8c963593affeed54e03f05a3ce/url {"url": "https://mp.weixin.qq.com/"}
2022-06-15 11:39:03 DEBUG http://localhost:52772 "POST /session/60ff9e8c963593affeed54e03f05a3ce/url HTTP/1.1" 200 14
2022-06-15 11:39:03 DEBUG Finished Request
2022-06-15 11:39:03 DEBUG GET http://localhost:52772/session/60ff9e8c963593affeed54e03f05a3ce/cookie {}
2022-06-15 11:39:03 DEBUG http://localhost:52772 "GET /session/60ff9e8c963593affeed54e03f05a3ce/cookie HTTP/1.1" 200 1906
2022-06-15 11:39:03 DEBUG Finished Request
2022-06-15 11:39:03 DEBUG Starting new HTTPS connection (1): mp.weixin.qq.com:443
2022-06-15 11:39:04 DEBUG https://mp.weixin.qq.com:443 "GET / HTTP/1.1" 302 15080
2022-06-15 11:39:05 DEBUG https://mp.weixin.qq.com:443 "GET /cgi-bin/home?t=home/index&lang=zh_CN&token=648778144 HTTP/1.1" 200 23880
2022-06-15 11:39:05 DEBUG Starting new HTTPS connection (1): mp.weixin.qq.com:443
2022-06-15 11:39:06 DEBUG https://mp.weixin.qq.com:443 "GET /cgi-bin/searchbiz?action=search_biz&token=648778144&lang=zh_CN&f=json&ajax=1&random=0.7378974193422909&query=%E5%86%B7%E7%BD%90%E7%BD%90&begin=0&count=5 HTTP/1.1" 200 1167
2022-06-15 11:39:06 DEBUG Starting new HTTPS connection (1): mp.weixin.qq.com:443
2022-06-15 11:39:07 DEBUG https://mp.weixin.qq.com:443 "GET /cgi-bin/appmsg?token=648778144&lang=zh_CN&f=json&ajax=1&random=0.5017180448330049&action=list_ex&begin=0&count=5&query=&fakeid=MzkyMTI5Nzc0NA%3D%3D&type=9 HTTP/1.1" 200 1507
2022-06-15 11:39:07 DEBUG Starting new HTTPS connection (1): mp.weixin.qq.com:443
2022-06-15 11:39:07 DEBUG https://mp.weixin.qq.com:443 "GET /cgi-bin/appmsg?token=648778144&lang=zh_CN&f=json&ajax=1&random=0.1365666569146654&action=list_ex&begin=10&count=5&query=&fakeid=MzkyMTI5Nzc0NA%3D%3D&type=9 HTTP/1.1" 200 1567
2022-06-15 11:39:26 DEBUG POST http://localhost:53109/session {"capabilities": {"firstMatch": [{}], "alwaysMatch": {"browserName": "chrome", "pageLoadStrategy": "normal", "goog:chromeOptions": {"extensions": [], "args": []}}}, "desiredCapabilities": {"browserName": "chrome", "pageLoadStrategy": "normal", "goog:chromeOptions": {"extensions": [], "args": []}}}
2022-06-15 11:39:26 DEBUG Starting new HTTP connection (1): localhost:53109
2022-06-15 11:39:28 DEBUG http://localhost:53109 "POST /session HTTP/1.1" 200 799
2022-06-15 11:39:28 DEBUG Finished Request
2022-06-15 11:39:28 DEBUG POST http://localhost:53109/session/bc42c86248d8f62ca118f7b2477d785b/url {"url": "https://mp.weixin.qq.com/"}
2022-06-15 11:39:29 DEBUG http://localhost:53109 "POST /session/bc42c86248d8f62ca118f7b2477d785b/url HTTP/1.1" 200 14
2022-06-15 11:39:29 DEBUG Finished Request
2022-06-15 11:39:54 DEBUG POST http://localhost:53109/session/bc42c86248d8f62ca118f7b2477d785b/url {"url": "https://mp.weixin.qq.com/"}
2022-06-15 11:39:56 DEBUG http://localhost:53109 "POST /session/bc42c86248d8f62ca118f7b2477d785b/url HTTP/1.1" 200 14
2022-06-15 11:39:56 DEBUG Finished Request
2022-06-15 11:39:56 DEBUG GET http://localhost:53109/session/bc42c86248d8f62ca118f7b2477d785b/cookie {}
2022-06-15 11:39:56 DEBUG http://localhost:53109 "GET /session/bc42c86248d8f62ca118f7b2477d785b/cookie HTTP/1.1" 200 1906
2022-06-15 11:39:56 DEBUG Finished Request
2022-06-15 11:39:56 DEBUG Starting new HTTPS connection (1): mp.weixin.qq.com:443
2022-06-15 11:39:57 DEBUG https://mp.weixin.qq.com:443 "GET / HTTP/1.1" 302 15076
2022-06-15 11:39:58 DEBUG https://mp.weixin.qq.com:443 "GET /cgi-bin/home?t=home/index&lang=zh_CN&token=46632249 HTTP/1.1" 200 23876
2022-06-15 11:39:58 DEBUG Starting new HTTPS connection (1): mp.weixin.qq.com:443
2022-06-15 11:39:58 DEBUG https://mp.weixin.qq.com:443 "GET /cgi-bin/searchbiz?action=search_biz&token=46632249&lang=zh_CN&f=json&ajax=1&random=0.716009449595372&query=%E6%9D%8E%E9%95%9C%E5%90%88&begin=0&count=5 HTTP/1.1" 200 399
2022-06-15 11:39:58 DEBUG Starting new HTTPS connection (1): mp.weixin.qq.com:443
2022-06-15 11:39:59 DEBUG https://mp.weixin.qq.com:443 "GET /cgi-bin/appmsg?token=46632249&lang=zh_CN&f=json&ajax=1&random=0.5500857479496177&action=list_ex&begin=0&count=5&query=&fakeid=MzU5NzA0MDkxNw%3D%3D&type=9 HTTP/1.1" 200 1738
2022-06-15 11:39:59 DEBUG Starting new HTTPS connection (1): mp.weixin.qq.com:443
2022-06-15 11:40:00 DEBUG https://mp.weixin.qq.com:443 "GET /cgi-bin/appmsg?token=46632249&lang=zh_CN&f=json&ajax=1&random=0.8768756005916082&action=list_ex&begin=10&count=5&query=&fakeid=MzU5NzA0MDkxNw%3D%3D&type=9 HTTP/1.1" 200 2407
2022-06-15 11:41:58 DEBUG POST http://localhost:54042/session {"capabilities": {"firstMatch": [{}], "alwaysMatch": {"browserName": "chrome", "pageLoadStrategy": "normal", "goog:chromeOptions": {"extensions": [], "args": []}}}, "desiredCapabilities": {"browserName": "chrome", "pageLoadStrategy": "normal", "goog:chromeOptions": {"extensions": [], "args": []}}}
2022-06-15 11:41:58 DEBUG Starting new HTTP connection (1): localhost:54042
2022-06-15 11:42:01 DEBUG http://localhost:54042 "POST /session HTTP/1.1" 200 799
2022-06-15 11:42:01 DEBUG Finished Request
2022-06-15 11:42:01 DEBUG POST http://localhost:54042/session/8a2e9e640b99aeb275f7142158652df5/url {"url": "https://mp.weixin.qq.com/"}
2022-06-15 11:42:02 DEBUG http://localhost:54042 "POST /session/8a2e9e640b99aeb275f7142158652df5/url HTTP/1.1" 200 14
2022-06-15 11:42:02 DEBUG Finished Request
2022-06-15 11:42:27 DEBUG POST http://localhost:54042/session/8a2e9e640b99aeb275f7142158652df5/url {"url": "https://mp.weixin.qq.com/"}
2022-06-15 11:42:29 DEBUG http://localhost:54042 "POST /session/8a2e9e640b99aeb275f7142158652df5/url HTTP/1.1" 200 14
2022-06-15 11:42:29 DEBUG Finished Request
2022-06-15 11:42:29 DEBUG GET http://localhost:54042/session/8a2e9e640b99aeb275f7142158652df5/cookie {}
2022-06-15 11:42:30 DEBUG http://localhost:54042 "GET /session/8a2e9e640b99aeb275f7142158652df5/cookie HTTP/1.1" 200 1906
2022-06-15 11:42:30 DEBUG Finished Request
2022-06-15 11:42:30 DEBUG Starting new HTTPS connection (1): mp.weixin.qq.com:443
2022-06-15 11:42:30 DEBUG https://mp.weixin.qq.com:443 "GET / HTTP/1.1" 302 15080
2022-06-15 11:42:31 DEBUG https://mp.weixin.qq.com:443 "GET /cgi-bin/home?t=home/index&lang=zh_CN&token=616884238 HTTP/1.1" 200 23880
2022-06-15 11:42:31 DEBUG Starting new HTTPS connection (1): mp.weixin.qq.com:443
2022-06-15 11:42:32 DEBUG https://mp.weixin.qq.com:443 "GET /cgi-bin/searchbiz?action=search_biz&token=616884238&lang=zh_CN&f=json&ajax=1&random=0.2595186906100978&query=%E6%9D%8E%E9%95%9C%E5%90%88&begin=0&count=5 HTTP/1.1" 200 399
2022-06-15 11:42:32 DEBUG Starting new HTTPS connection (1): mp.weixin.qq.com:443
2022-06-15 11:42:33 DEBUG https://mp.weixin.qq.com:443 "GET /cgi-bin/appmsg?token=616884238&lang=zh_CN&f=json&ajax=1&random=0.3143104274078943&action=list_ex&begin=0&count=5&query=&fakeid=MzU5NzA0MDkxNw%3D%3D&type=9 HTTP/1.1" 200 1738
2022-06-15 11:42:33 DEBUG Starting new HTTPS connection (1): mp.weixin.qq.com:443
2022-06-15 11:42:34 DEBUG https://mp.weixin.qq.com:443 "GET /cgi-bin/appmsg?token=616884238&lang=zh_CN&f=json&ajax=1&random=0.9680839679638951&action=list_ex&begin=14&count=5&query=&fakeid=MzU5NzA0MDkxNw%3D%3D&type=9 HTTP/1.1" 200 1858
2022-06-15 11:43:57 DEBUG Starting new HTTPS connection (1): mp.weixin.qq.com:443
2022-06-15 11:43:58 DEBUG https://mp.weixin.qq.com:443 "GET /cgi-bin/appmsg?token=616884238&lang=zh_CN&f=json&ajax=1&random=0.6035562949196969&action=list_ex&begin=19&count=5&query=&fakeid=MzU5NzA0MDkxNw%3D%3D&type=9 HTTP/1.1" 200 1726
2022-06-15 11:45:22 DEBUG Starting new HTTPS connection (1): mp.weixin.qq.com:443
2022-06-15 11:45:22 DEBUG https://mp.weixin.qq.com:443 "GET /cgi-bin/appmsg?token=616884238&lang=zh_CN&f=json&ajax=1&random=0.19707059107802583&action=list_ex&begin=24&count=5&query=&fakeid=MzU5NzA0MDkxNw%3D%3D&type=9 HTTP/1.1" 200 1840
2022-06-15 11:46:55 DEBUG Starting new HTTPS connection (1): mp.weixin.qq.com:443
2022-06-15 11:46:56 DEBUG https://mp.weixin.qq.com:443 "GET /cgi-bin/appmsg?token=616884238&lang=zh_CN&f=json&ajax=1&random=0.9217013423322757&action=list_ex&begin=29&count=5&query=&fakeid=MzU5NzA0MDkxNw%3D%3D&type=9 HTTP/1.1" 200 1713
2022-06-15 11:48:12 DEBUG Starting new HTTPS connection (1): mp.weixin.qq.com:443
2022-06-15 11:48:13 DEBUG https://mp.weixin.qq.com:443 "GET /cgi-bin/appmsg?token=616884238&lang=zh_CN&f=json&ajax=1&random=0.4888821568622206&action=list_ex&begin=34&count=5&query=&fakeid=MzU5NzA0MDkxNw%3D%3D&type=9 HTTP/1.1" 200 1391
2022-06-15 11:54:38 DEBUG POST http://localhost:59101/session {"capabilities": {"firstMatch": [{}], "alwaysMatch": {"browserName": "chrome", "pageLoadStrategy": "normal", "goog:chromeOptions": {"extensions": [], "args": []}}}, "desiredCapabilities": {"browserName": "chrome", "pageLoadStrategy": "normal", "goog:chromeOptions": {"extensions": [], "args": []}}}
2022-06-15 11:54:38 DEBUG Starting new HTTP connection (1): localhost:59101
2022-06-15 11:54:40 DEBUG http://localhost:59101 "POST /session HTTP/1.1" 200 799
2022-06-15 11:54:40 DEBUG Finished Request
2022-06-15 11:54:40 DEBUG POST http://localhost:59101/session/222d29d64574727274168682d7b979b0/url {"url": "https://mp.weixin.qq.com/"}
2022-06-15 11:54:42 DEBUG http://localhost:59101 "POST /session/222d29d64574727274168682d7b979b0/url HTTP/1.1" 200 14
2022-06-15 11:54:42 DEBUG Finished Request
2022-06-15 11:55:07 DEBUG POST http://localhost:59101/session/222d29d64574727274168682d7b979b0/url {"url": "https://mp.weixin.qq.com/"}
2022-06-15 11:55:09 DEBUG http://localhost:59101 "POST /session/222d29d64574727274168682d7b979b0/url HTTP/1.1" 200 14
2022-06-15 11:55:09 DEBUG Finished Request
2022-06-15 11:55:09 DEBUG GET http://localhost:59101/session/222d29d64574727274168682d7b979b0/cookie {}
2022-06-15 11:55:09 DEBUG http://localhost:59101 "GET /session/222d29d64574727274168682d7b979b0/cookie HTTP/1.1" 200 1906
2022-06-15 11:55:09 DEBUG Finished Request
2022-06-15 11:55:09 DEBUG Starting new HTTPS connection (1): mp.weixin.qq.com:443
2022-06-15 11:55:10 DEBUG https://mp.weixin.qq.com:443 "GET / HTTP/1.1" 302 15088
2022-06-15 11:55:11 DEBUG https://mp.weixin.qq.com:443 "GET /cgi-bin/home?t=home/index&lang=zh_CN&token=1456441316 HTTP/1.1" 200 23889
2022-06-15 11:55:11 DEBUG Starting new HTTPS connection (1): mp.weixin.qq.com:443
2022-06-15 11:55:11 DEBUG https://mp.weixin.qq.com:443 "GET /cgi-bin/searchbiz?action=search_biz&token=1456441316&lang=zh_CN&f=json&ajax=1&random=0.1451579434035618&query=%E6%9D%8E%E9%95%9C%E5%90%88&begin=0&count=5 HTTP/1.1" 200 399
2022-06-15 11:55:11 DEBUG Starting new HTTPS connection (1): mp.weixin.qq.com:443
2022-06-15 11:55:12 DEBUG https://mp.weixin.qq.com:443 "GET /cgi-bin/appmsg?token=1456441316&lang=zh_CN&f=json&ajax=1&random=0.296549240608993&action=list_ex&begin=0&count=5&query=&fakeid=MzU5NzA0MDkxNw%3D%3D&type=9 HTTP/1.1" 200 1738
2022-06-15 11:55:12 DEBUG Starting new HTTPS connection (1): mp.weixin.qq.com:443
2022-06-15 11:55:13 DEBUG https://mp.weixin.qq.com:443 "GET /cgi-bin/appmsg?token=1456441316&lang=zh_CN&f=json&ajax=1&random=0.5264731526491697&action=list_ex&begin=35&count=5&query=&fakeid=MzU5NzA0MDkxNw%3D%3D&type=9 HTTP/1.1" 200 1468
2022-06-15 11:56:26 DEBUG Starting new HTTPS connection (1): mp.weixin.qq.com:443
2022-06-15 11:56:27 DEBUG https://mp.weixin.qq.com:443 "GET /cgi-bin/appmsg?token=1456441316&lang=zh_CN&f=json&ajax=1&random=0.2599363856906536&action=list_ex&begin=40&count=5&query=&fakeid=MzU5NzA0MDkxNw%3D%3D&type=9 HTTP/1.1" 200 1568
2022-06-15 11:57:41 DEBUG Starting new HTTPS connection (1): mp.weixin.qq.com:443
2022-06-15 11:57:42 DEBUG https://mp.weixin.qq.com:443 "GET /cgi-bin/appmsg?token=1456441316&lang=zh_CN&f=json&ajax=1&random=0.08615593494679008&action=list_ex&begin=45&count=5&query=&fakeid=MzU5NzA0MDkxNw%3D%3D&type=9 HTTP/1.1" 200 1647
2022-06-15 11:58:58 DEBUG Starting new HTTPS connection (1): mp.weixin.qq.com:443
2022-06-15 11:58:59 DEBUG https://mp.weixin.qq.com:443 "GET /cgi-bin/appmsg?token=1456441316&lang=zh_CN&f=json&ajax=1&random=0.26150358010196995&action=list_ex&begin=50&count=5&query=&fakeid=MzU5NzA0MDkxNw%3D%3D&type=9 HTTP/1.1" 200 1525
2022-06-15 12:00:19 DEBUG Starting new HTTPS connection (1): mp.weixin.qq.com:443
2022-06-15 12:00:20 DEBUG https://mp.weixin.qq.com:443 "GET /cgi-bin/appmsg?token=1456441316&lang=zh_CN&f=json&ajax=1&random=0.9296836108862906&action=list_ex&begin=55&count=5&query=&fakeid=MzU5NzA0MDkxNw%3D%3D&type=9 HTTP/1.1" 200 1760
2022-06-15 12:01:31 DEBUG Starting new HTTPS connection (1): mp.weixin.qq.com:443
2022-06-15 12:01:32 DEBUG https://mp.weixin.qq.com:443 "GET /cgi-bin/appmsg?token=1456441316&lang=zh_CN&f=json&ajax=1&random=0.08623584033983178&action=list_ex&begin=60&count=5&query=&fakeid=MzU5NzA0MDkxNw%3D%3D&type=9 HTTP/1.1" 200 1578
2022-06-15 12:02:39 DEBUG Starting new HTTPS connection (1): mp.weixin.qq.com:443
2022-06-15 12:02:41 DEBUG https://mp.weixin.qq.com:443 "GET /cgi-bin/appmsg?token=1456441316&lang=zh_CN&f=json&ajax=1&random=0.16003395120105068&action=list_ex&begin=65&count=5&query=&fakeid=MzU5NzA0MDkxNw%3D%3D&type=9 HTTP/1.1" 200 1646
2022-06-15 13:05:42 DEBUG POST http://localhost:50206/session {"capabilities": {"firstMatch": [{}], "alwaysMatch": {"browserName": "chrome", "pageLoadStrategy": "normal", "goog:chromeOptions": {"extensions": [], "args": []}}}, "desiredCapabilities": {"browserName": "chrome", "pageLoadStrategy": "normal", "goog:chromeOptions": {"extensions": [], "args": []}}}
2022-06-15 13:05:42 DEBUG Starting new HTTP connection (1): localhost:50206
2022-06-15 13:05:45 DEBUG http://localhost:50206 "POST /session HTTP/1.1" 200 799
2022-06-15 13:05:45 DEBUG Finished Request
2022-06-15 13:05:45 DEBUG POST http://localhost:50206/session/e1e836093337add26606df35e0e3e0ee/url {"url": "https://mp.weixin.qq.com/"}
2022-06-15 13:05:46 DEBUG http://localhost:50206 "POST /session/e1e836093337add26606df35e0e3e0ee/url HTTP/1.1" 200 14
2022-06-15 13:05:46 DEBUG Finished Request
2022-06-15 13:06:11 DEBUG POST http://localhost:50206/session/e1e836093337add26606df35e0e3e0ee/url {"url": "https://mp.weixin.qq.com/"}
2022-06-15 13:06:13 DEBUG http://localhost:50206 "POST /session/e1e836093337add26606df35e0e3e0ee/url HTTP/1.1" 200 14
2022-06-15 13:06:13 DEBUG Finished Request
2022-06-15 13:06:13 DEBUG GET http://localhost:50206/session/e1e836093337add26606df35e0e3e0ee/cookie {}
2022-06-15 13:06:13 DEBUG http://localhost:50206 "GET /session/e1e836093337add26606df35e0e3e0ee/cookie HTTP/1.1" 200 1906
2022-06-15 13:06:13 DEBUG Finished Request
2022-06-15 13:06:13 DEBUG Starting new HTTPS connection (1): mp.weixin.qq.com:443
2022-06-15 13:06:14 DEBUG https://mp.weixin.qq.com:443 "GET / HTTP/1.1" 302 15088
2022-06-15 13:06:15 DEBUG https://mp.weixin.qq.com:443 "GET /cgi-bin/home?t=home/index&lang=zh_CN&token=1514227481 HTTP/1.1" 200 23890
2022-06-15 13:06:15 DEBUG Starting new HTTPS connection (1): mp.weixin.qq.com:443
2022-06-15 13:06:15 DEBUG https://mp.weixin.qq.com:443 "GET /cgi-bin/searchbiz?action=search_biz&token=1514227481&lang=zh_CN&f=json&ajax=1&random=0.4277422598505489&query=%E6%9D%8E%E9%95%9C%E5%90%88&begin=0&count=5 HTTP/1.1" 200 399
2022-06-15 13:06:15 DEBUG Starting new HTTPS connection (1): mp.weixin.qq.com:443
2022-06-15 13:06:17 DEBUG https://mp.weixin.qq.com:443 "GET /cgi-bin/appmsg?token=1514227481&lang=zh_CN&f=json&ajax=1&random=0.12569811032911793&action=list_ex&begin=0&count=5&query=&fakeid=MzU5NzA0MDkxNw%3D%3D&type=9 HTTP/1.1" 200 1738
2022-06-15 13:06:17 DEBUG Starting new HTTPS connection (1): mp.weixin.qq.com:443
2022-06-15 13:06:17 DEBUG https://mp.weixin.qq.com:443 "GET /cgi-bin/appmsg?token=1514227481&lang=zh_CN&f=json&ajax=1&random=0.38508597510984266&action=list_ex&begin=70&count=5&query=&fakeid=MzU5NzA0MDkxNw%3D%3D&type=9 HTTP/1.1" 200 1856
2022-06-15 13:07:30 DEBUG Starting new HTTPS connection (1): mp.weixin.qq.com:443
2022-06-15 13:07:31 DEBUG https://mp.weixin.qq.com:443 "GET /cgi-bin/appmsg?token=1514227481&lang=zh_CN&f=json&ajax=1&random=0.3193420439463964&action=list_ex&begin=75&count=5&query=&fakeid=MzU5NzA0MDkxNw%3D%3D&type=9 HTTP/1.1" 200 1970
2022-06-15 13:08:55 DEBUG Starting new HTTPS connection (1): mp.weixin.qq.com:443
2022-06-15 13:08:56 DEBUG https://mp.weixin.qq.com:443 "GET /cgi-bin/appmsg?token=1514227481&lang=zh_CN&f=json&ajax=1&random=0.7058751127018702&action=list_ex&begin=80&count=5&query=&fakeid=MzU5NzA0MDkxNw%3D%3D&type=9 HTTP/1.1" 200 1715
2022-06-15 13:10:11 DEBUG Starting new HTTPS connection (1): mp.weixin.qq.com:443
2022-06-15 13:10:12 DEBUG https://mp.weixin.qq.com:443 "GET /cgi-bin/appmsg?token=1514227481&lang=zh_CN&f=json&ajax=1&random=0.18520785455853583&action=list_ex&begin=85&count=5&query=&fakeid=MzU5NzA0MDkxNw%3D%3D&type=9 HTTP/1.1" 200 1488
2022-06-15 13:11:14 DEBUG Starting new HTTPS connection (1): mp.weixin.qq.com:443
2022-06-15 13:11:14 DEBUG https://mp.weixin.qq.com:443 "GET /cgi-bin/appmsg?token=1514227481&lang=zh_CN&f=json&ajax=1&random=0.23520609959663885&action=list_ex&begin=90&count=5&query=&fakeid=MzU5NzA0MDkxNw%3D%3D&type=9 HTTP/1.1" 200 73
2022-06-15 13:11:43 DEBUG POST http://localhost:52646/session {"capabilities": {"firstMatch": [{}], "alwaysMatch": {"browserName": "chrome", "pageLoadStrategy": "normal", "goog:chromeOptions": {"extensions": [], "args": []}}}, "desiredCapabilities": {"browserName": "chrome", "pageLoadStrategy": "normal", "goog:chromeOptions": {"extensions": [], "args": []}}}
2022-06-15 13:11:43 DEBUG Starting new HTTP connection (1): localhost:52646
2022-06-15 13:11:46 DEBUG http://localhost:52646 "POST /session HTTP/1.1" 200 799
2022-06-15 13:11:46 DEBUG Finished Request
2022-06-15 13:11:46 DEBUG POST http://localhost:52646/session/f886cdf58815fec9e1642de5a1d918ed/url {"url": "https://mp.weixin.qq.com/"}
2022-06-15 13:11:48 DEBUG http://localhost:52646 "POST /session/f886cdf58815fec9e1642de5a1d918ed/url HTTP/1.1" 200 14
2022-06-15 13:11:48 DEBUG Finished Request
2022-06-15 13:12:13 DEBUG POST http://localhost:52646/session/f886cdf58815fec9e1642de5a1d918ed/url {"url": "https://mp.weixin.qq.com/"}
2022-06-15 13:12:16 DEBUG http://localhost:52646 "POST /session/f886cdf58815fec9e1642de5a1d918ed/url HTTP/1.1" 200 14
2022-06-15 13:12:16 DEBUG Finished Request
2022-06-15 13:12:16 DEBUG GET http://localhost:52646/session/f886cdf58815fec9e1642de5a1d918ed/cookie {}
2022-06-15 13:12:16 DEBUG http://localhost:52646 "GET /session/f886cdf58815fec9e1642de5a1d918ed/cookie HTTP/1.1" 200 1906
2022-06-15 13:12:16 DEBUG Finished Request
2022-06-15 13:12:16 DEBUG Starting new HTTPS connection (1): mp.weixin.qq.com:443
2022-06-15 13:12:17 DEBUG https://mp.weixin.qq.com:443 "GET / HTTP/1.1" 302 15087
2022-06-15 13:12:18 DEBUG https://mp.weixin.qq.com:443 "GET /cgi-bin/home?t=home/index&lang=zh_CN&token=1403459471 HTTP/1.1" 200 23889
2022-06-15 13:12:18 DEBUG Starting new HTTPS connection (1): mp.weixin.qq.com:443
2022-06-15 13:12:18 DEBUG https://mp.weixin.qq.com:443 "GET /cgi-bin/searchbiz?action=search_biz&token=1403459471&lang=zh_CN&f=json&ajax=1&random=0.7769672514200456&query=%E6%B2%99%E6%BC%8F%E7%8B%97shallowdog&begin=0&count=5 HTTP/1.1" 200 345
2022-06-15 13:12:18 DEBUG Starting new HTTPS connection (1): mp.weixin.qq.com:443
2022-06-15 13:12:19 DEBUG https://mp.weixin.qq.com:443 "GET /cgi-bin/appmsg?token=1403459471&lang=zh_CN&f=json&ajax=1&random=0.31915472931341304&action=list_ex&begin=0&count=5&query=&fakeid=Mzg5Mjc3MjE0OQ%3D%3D&type=9 HTTP/1.1" 200 1811
2022-06-15 13:12:19 DEBUG Starting new HTTPS connection (1): mp.weixin.qq.com:443
2022-06-15 13:12:19 DEBUG https://mp.weixin.qq.com:443 "GET /cgi-bin/appmsg?token=1403459471&lang=zh_CN&f=json&ajax=1&random=0.0002182129696148838&action=list_ex&begin=0&count=5&query=&fakeid=Mzg5Mjc3MjE0OQ%3D%3D&type=9 HTTP/1.1" 200 1811
2022-06-15 13:12:38 DEBUG POST http://localhost:53033/session {"capabilities": {"firstMatch": [{}], "alwaysMatch": {"browserName": "chrome", "pageLoadStrategy": "normal", "goog:chromeOptions": {"extensions": [], "args": []}}}, "desiredCapabilities": {"browserName": "chrome", "pageLoadStrategy": "normal", "goog:chromeOptions": {"extensions": [], "args": []}}}
2022-06-15 13:12:38 DEBUG Starting new HTTP connection (1): localhost:53033
2022-06-15 13:12:40 DEBUG http://localhost:53033 "POST /session HTTP/1.1" 200 799
2022-06-15 13:12:40 DEBUG Finished Request
2022-06-15 13:12:40 DEBUG POST http://localhost:53033/session/d76472f2952642c6bf51b16edb06c85d/url {"url": "https://mp.weixin.qq.com/"}
2022-06-15 13:12:42 DEBUG http://localhost:53033 "POST /session/d76472f2952642c6bf51b16edb06c85d/url HTTP/1.1" 200 14
2022-06-15 13:12:42 DEBUG Finished Request
2022-06-15 13:13:07 DEBUG POST http://localhost:53033/session/d76472f2952642c6bf51b16edb06c85d/url {"url": "https://mp.weixin.qq.com/"}
2022-06-15 13:13:08 DEBUG http://localhost:53033 "POST /session/d76472f2952642c6bf51b16edb06c85d/url HTTP/1.1" 200 14
2022-06-15 13:13:08 DEBUG Finished Request
2022-06-15 13:13:08 DEBUG GET http://localhost:53033/session/d76472f2952642c6bf51b16edb06c85d/cookie {}
2022-06-15 13:13:08 DEBUG http://localhost:53033 "GET /session/d76472f2952642c6bf51b16edb06c85d/cookie HTTP/1.1" 200 1906
2022-06-15 13:13:08 DEBUG Finished Request
2022-06-15 13:13:09 DEBUG Starting new HTTPS connection (1): mp.weixin.qq.com:443
2022-06-15 13:13:09 DEBUG https://mp.weixin.qq.com:443 "GET / HTTP/1.1" 302 15085
2022-06-15 13:13:10 DEBUG https://mp.weixin.qq.com:443 "GET /cgi-bin/home?t=home/index&lang=zh_CN&token=91146166 HTTP/1.1" 200 23886
2022-06-15 13:13:10 DEBUG Starting new HTTPS connection (1): mp.weixin.qq.com:443
2022-06-15 13:13:11 DEBUG https://mp.weixin.qq.com:443 "GET /cgi-bin/searchbiz?action=search_biz&token=91146166&lang=zh_CN&f=json&ajax=1&random=0.4662532587760243&query=%E6%B2%99%E6%BC%8F%E7%8B%97shallowdog&begin=0&count=5 HTTP/1.1" 200 345
2022-06-15 13:13:11 DEBUG Starting new HTTPS connection (1): mp.weixin.qq.com:443
2022-06-15 13:13:11 DEBUG https://mp.weixin.qq.com:443 "GET /cgi-bin/appmsg?token=91146166&lang=zh_CN&f=json&ajax=1&random=0.45174176890311224&action=list_ex&begin=0&count=5&query=&fakeid=Mzg5Mjc3MjE0OQ%3D%3D&type=9 HTTP/1.1" 200 1811
2022-06-15 13:13:11 DEBUG Starting new HTTPS connection (1): mp.weixin.qq.com:443
2022-06-15 13:13:12 DEBUG https://mp.weixin.qq.com:443 "GET /cgi-bin/appmsg?token=91146166&lang=zh_CN&f=json&ajax=1&random=0.798398926627185&action=list_ex&begin=1&count=5&query=&fakeid=Mzg5Mjc3MjE0OQ%3D%3D&type=9 HTTP/1.1" 200 1725
2022-06-15 13:14:24 DEBUG Starting new HTTPS connection (1): mp.weixin.qq.com:443
2022-06-15 13:14:25 DEBUG https://mp.weixin.qq.com:443 "GET /cgi-bin/appmsg?token=91146166&lang=zh_CN&f=json&ajax=1&random=0.8603801418199536&action=list_ex&begin=6&count=5&query=&fakeid=Mzg5Mjc3MjE0OQ%3D%3D&type=9 HTTP/1.1" 200 1661
2022-06-15 13:15:31 DEBUG Starting new HTTPS connection (1): mp.weixin.qq.com:443
2022-06-15 13:15:32 DEBUG https://mp.weixin.qq.com:443 "GET /cgi-bin/appmsg?token=91146166&lang=zh_CN&f=json&ajax=1&random=0.8407108431003334&action=list_ex&begin=11&count=5&query=&fakeid=Mzg5Mjc3MjE0OQ%3D%3D&type=9 HTTP/1.1" 200 1763
2022-06-15 13:16:47 DEBUG Starting new HTTPS connection (1): mp.weixin.qq.com:443
2022-06-15 13:16:50 DEBUG https://mp.weixin.qq.com:443 "GET /cgi-bin/appmsg?token=91146166&lang=zh_CN&f=json&ajax=1&random=0.6678711258170013&action=list_ex&begin=16&count=5&query=&fakeid=Mzg5Mjc3MjE0OQ%3D%3D&type=9 HTTP/1.1" 200 1659
2022-06-15 13:18:14 DEBUG Starting new HTTPS connection (1): mp.weixin.qq.com:443
2022-06-15 13:18:15 DEBUG https://mp.weixin.qq.com:443 "GET /cgi-bin/appmsg?token=91146166&lang=zh_CN&f=json&ajax=1&random=0.956141823513499&action=list_ex&begin=21&count=5&query=&fakeid=Mzg5Mjc3MjE0OQ%3D%3D&type=9 HTTP/1.1" 200 1621
2022-06-15 13:19:23 DEBUG Starting new HTTPS connection (1): mp.weixin.qq.com:443
2022-06-15 13:19:23 DEBUG https://mp.weixin.qq.com:443 "GET /cgi-bin/appmsg?token=91146166&lang=zh_CN&f=json&ajax=1&random=0.6086371925131723&action=list_ex&begin=26&count=5&query=&fakeid=Mzg5Mjc3MjE0OQ%3D%3D&type=9 HTTP/1.1" 200 1727
2022-06-15 14:02:56 DEBUG POST http://localhost:53673/session {"capabilities": {"firstMatch": [{}], "alwaysMatch": {"browserName": "chrome", "pageLoadStrategy": "normal", "goog:chromeOptions": {"extensions": [], "args": []}}}, "desiredCapabilities": {"browserName": "chrome", "pageLoadStrategy": "normal", "goog:chromeOptions": {"extensions": [], "args": []}}}
2022-06-15 14:02:56 DEBUG Starting new HTTP connection (1): localhost:53673
2022-06-15 14:02:59 DEBUG http://localhost:53673 "POST /session HTTP/1.1" 200 799
2022-06-15 14:02:59 DEBUG Finished Request
2022-06-15 14:02:59 DEBUG POST http://localhost:53673/session/efd2284512cbef0e7d02b975133e964f/url {"url": "https://mp.weixin.qq.com/"}
2022-06-15 14:03:00 DEBUG http://localhost:53673 "POST /session/efd2284512cbef0e7d02b975133e964f/url HTTP/1.1" 200 14
2022-06-15 14:03:00 DEBUG Finished Request
2022-06-15 14:03:25 DEBUG POST http://localhost:53673/session/efd2284512cbef0e7d02b975133e964f/url {"url": "https://mp.weixin.qq.com/"}
2022-06-15 14:03:27 DEBUG http://localhost:53673 "POST /session/efd2284512cbef0e7d02b975133e964f/url HTTP/1.1" 200 14
2022-06-15 14:03:27 DEBUG Finished Request
2022-06-15 14:03:27 DEBUG GET http://localhost:53673/session/efd2284512cbef0e7d02b975133e964f/cookie {}
2022-06-15 14:03:27 DEBUG http://localhost:53673 "GET /session/efd2284512cbef0e7d02b975133e964f/cookie HTTP/1.1" 200 1906
2022-06-15 14:03:27 DEBUG Finished Request
2022-06-15 14:03:27 DEBUG Starting new HTTPS connection (1): mp.weixin.qq.com:443
2022-06-15 14:03:28 DEBUG https://mp.weixin.qq.com:443 "GET / HTTP/1.1" 302 15086
2022-06-15 14:03:29 DEBUG https://mp.weixin.qq.com:443 "GET /cgi-bin/home?t=home/index&lang=zh_CN&token=1629350960 HTTP/1.1" 200 23889
2022-06-15 14:03:29 DEBUG Starting new HTTPS connection (1): mp.weixin.qq.com:443
2022-06-15 14:03:29 DEBUG https://mp.weixin.qq.com:443 "GET /cgi-bin/searchbiz?action=search_biz&token=1629350960&lang=zh_CN&f=json&ajax=1&random=0.6965146085814422&query=%E6%B2%99%E6%BC%8F%E7%8B%97shallowdog&begin=0&count=5 HTTP/1.1" 200 345
2022-06-15 14:03:29 DEBUG Starting new HTTPS connection (1): mp.weixin.qq.com:443
2022-06-15 14:03:30 DEBUG https://mp.weixin.qq.com:443 "GET /cgi-bin/appmsg?token=1629350960&lang=zh_CN&f=json&ajax=1&random=0.5096051380734901&action=list_ex&begin=0&count=5&query=&fakeid=Mzg5Mjc3MjE0OQ%3D%3D&type=9 HTTP/1.1" 200 1811
2022-06-15 14:03:30 DEBUG Starting new HTTPS connection (1): mp.weixin.qq.com:443
2022-06-15 14:03:30 DEBUG https://mp.weixin.qq.com:443 "GET /cgi-bin/appmsg?token=1629350960&lang=zh_CN&f=json&ajax=1&random=0.2909331032607183&action=list_ex&begin=26&count=5&query=&fakeid=Mzg5Mjc3MjE0OQ%3D%3D&type=9 HTTP/1.1" 200 1727
2022-06-15 14:03:53 DEBUG POST http://localhost:54082/session {"capabilities": {"firstMatch": [{}], "alwaysMatch": {"browserName": "chrome", "pageLoadStrategy": "normal", "goog:chromeOptions": {"extensions": [], "args": []}}}, "desiredCapabilities": {"browserName": "chrome", "pageLoadStrategy": "normal", "goog:chromeOptions": {"extensions": [], "args": []}}}
2022-06-15 14:03:53 DEBUG Starting new HTTP connection (1): localhost:54082
2022-06-15 14:03:55 DEBUG http://localhost:54082 "POST /session HTTP/1.1" 200 799
2022-06-15 14:03:55 DEBUG Finished Request
2022-06-15 14:03:55 DEBUG POST http://localhost:54082/session/df813892012adc4aef0f896cea5e0c0d/url {"url": "https://mp.weixin.qq.com/"}
2022-06-15 14:03:56 DEBUG http://localhost:54082 "POST /session/df813892012adc4aef0f896cea5e0c0d/url HTTP/1.1" 200 14
2022-06-15 14:03:56 DEBUG Finished Request
2022-06-15 14:04:21 DEBUG POST http://localhost:54082/session/df813892012adc4aef0f896cea5e0c0d/url {"url": "https://mp.weixin.qq.com/"}
2022-06-15 14:04:23 DEBUG http://localhost:54082 "POST /session/df813892012adc4aef0f896cea5e0c0d/url HTTP/1.1" 200 14
2022-06-15 14:04:23 DEBUG Finished Request
2022-06-15 14:04:23 DEBUG GET http://localhost:54082/session/df813892012adc4aef0f896cea5e0c0d/cookie {}
2022-06-15 14:04:23 DEBUG http://localhost:54082 "GET /session/df813892012adc4aef0f896cea5e0c0d/cookie HTTP/1.1" 200 1906
2022-06-15 14:04:23 DEBUG Finished Request
2022-06-15 14:04:24 DEBUG Starting new HTTPS connection (1): mp.weixin.qq.com:443
2022-06-15 14:04:24 DEBUG https://mp.weixin.qq.com:443 "GET / HTTP/1.1" 302 15087
2022-06-15 14:04:25 DEBUG https://mp.weixin.qq.com:443 "GET /cgi-bin/home?t=home/index&lang=zh_CN&token=1663845022 HTTP/1.1" 200 23888
2022-06-15 14:04:25 DEBUG Starting new HTTPS connection (1): mp.weixin.qq.com:443
2022-06-15 14:04:26 DEBUG https://mp.weixin.qq.com:443 "GET /cgi-bin/searchbiz?action=search_biz&token=1663845022&lang=zh_CN&f=json&ajax=1&random=0.6817774822545629&query=%E6%B2%99%E6%BC%8F%E7%8B%97shallowdog&begin=0&count=5 HTTP/1.1" 200 345
2022-06-15 14:04:26 DEBUG Starting new HTTPS connection (1): mp.weixin.qq.com:443
2022-06-15 14:04:27 DEBUG https://mp.weixin.qq.com:443 "GET /cgi-bin/appmsg?token=1663845022&lang=zh_CN&f=json&ajax=1&random=0.2914836932153445&action=list_ex&begin=0&count=5&query=&fakeid=Mzg5Mjc3MjE0OQ%3D%3D&type=9 HTTP/1.1" 200 1811
2022-06-15 14:04:27 DEBUG Starting new HTTPS connection (1): mp.weixin.qq.com:443
2022-06-15 14:04:27 DEBUG https://mp.weixin.qq.com:443 "GET /cgi-bin/appmsg?token=1663845022&lang=zh_CN&f=json&ajax=1&random=0.03597985923425273&action=list_ex&begin=27&count=5&query=&fakeid=Mzg5Mjc3MjE0OQ%3D%3D&type=9 HTTP/1.1" 200 1726
2022-06-15 14:05:39 DEBUG Starting new HTTPS connection (1): mp.weixin.qq.com:443
2022-06-15 14:05:40 DEBUG https://mp.weixin.qq.com:443 "GET /cgi-bin/appmsg?token=1663845022&lang=zh_CN&f=json&ajax=1&random=0.06341635008374946&action=list_ex&begin=32&count=5&query=&fakeid=Mzg5Mjc3MjE0OQ%3D%3D&type=9 HTTP/1.1" 200 1731
2022-06-15 14:06:47 DEBUG Starting new HTTPS connection (1): mp.weixin.qq.com:443
2022-06-15 14:06:48 DEBUG https://mp.weixin.qq.com:443 "GET /cgi-bin/appmsg?token=1663845022&lang=zh_CN&f=json&ajax=1&random=0.558730481736412&action=list_ex&begin=37&count=5&query=&fakeid=Mzg5Mjc3MjE0OQ%3D%3D&type=9 HTTP/1.1" 200 1715
2022-06-15 14:07:56 DEBUG Starting new HTTPS connection (1): mp.weixin.qq.com:443
2022-06-15 14:07:56 DEBUG https://mp.weixin.qq.com:443 "GET /cgi-bin/appmsg?token=1663845022&lang=zh_CN&f=json&ajax=1&random=0.297402415446717&action=list_ex&begin=42&count=5&query=&fakeid=Mzg5Mjc3MjE0OQ%3D%3D&type=9 HTTP/1.1" 200 1583
2022-06-15 14:09:03 DEBUG Starting new HTTPS connection (1): mp.weixin.qq.com:443
2022-06-15 14:09:04 DEBUG https://mp.weixin.qq.com:443 "GET /cgi-bin/appmsg?token=1663845022&lang=zh_CN&f=json&ajax=1&random=0.8350208479677893&action=list_ex&begin=47&count=5&query=&fakeid=Mzg5Mjc3MjE0OQ%3D%3D&type=9 HTTP/1.1" 200 1479
2022-06-15 14:10:10 DEBUG Starting new HTTPS connection (1): mp.weixin.qq.com:443
2022-06-15 14:10:11 DEBUG https://mp.weixin.qq.com:443 "GET /cgi-bin/appmsg?token=1663845022&lang=zh_CN&f=json&ajax=1&random=0.7725365131543297&action=list_ex&begin=52&count=5&query=&fakeid=Mzg5Mjc3MjE0OQ%3D%3D&type=9 HTTP/1.1" 200 73
2022-06-15 14:11:01 DEBUG Starting new HTTPS connection (1): mp.weixin.qq.com:443
2022-06-15 14:11:01 DEBUG https://mp.weixin.qq.com:443 "GET /cgi-bin/appmsg?token=1663845022&lang=zh_CN&f=json&ajax=1&random=0.13899494267216583&action=list_ex&begin=57&count=5&query=&fakeid=Mzg5Mjc3MjE0OQ%3D%3D&type=9 HTTP/1.1" 200 73
2022-06-15 14:11:51 DEBUG Starting new HTTPS connection (1): mp.weixin.qq.com:443
2022-06-15 14:11:51 DEBUG https://mp.weixin.qq.com:443 "GET /cgi-bin/appmsg?token=1663845022&lang=zh_CN&f=json&ajax=1&random=0.14165483577690452&action=list_ex&begin=62&count=5&query=&fakeid=Mzg5Mjc3MjE0OQ%3D%3D&type=9 HTTP/1.1" 200 73
2022-06-15 14:12:41 DEBUG Starting new HTTPS connection (1): mp.weixin.qq.com:443
2022-06-15 14:12:42 DEBUG https://mp.weixin.qq.com:443 "GET /cgi-bin/appmsg?token=1663845022&lang=zh_CN&f=json&ajax=1&random=0.2806137652694052&action=list_ex&begin=67&count=5&query=&fakeid=Mzg5Mjc3MjE0OQ%3D%3D&type=9 HTTP/1.1" 200 73
2022-06-15 14:13:32 DEBUG Starting new HTTPS connection (1): mp.weixin.qq.com:443
2022-06-15 14:13:32 DEBUG https://mp.weixin.qq.com:443 "GET /cgi-bin/appmsg?token=1663845022&lang=zh_CN&f=json&ajax=1&random=0.07615521908852096&action=list_ex&begin=72&count=5&query=&fakeid=Mzg5Mjc3MjE0OQ%3D%3D&type=9 HTTP/1.1" 200 73
2022-06-15 14:14:22 DEBUG Starting new HTTPS connection (1): mp.weixin.qq.com:443
2022-06-15 14:14:23 DEBUG https://mp.weixin.qq.com:443 "GET /cgi-bin/appmsg?token=1663845022&lang=zh_CN&f=json&ajax=1&random=0.1919393267961359&action=list_ex&begin=77&count=5&query=&fakeid=Mzg5Mjc3MjE0OQ%3D%3D&type=9 HTTP/1.1" 200 73
2022-06-15 14:15:13 DEBUG Starting new HTTPS connection (1): mp.weixin.qq.com:443
2022-06-15 14:15:13 DEBUG https://mp.weixin.qq.com:443 "GET / HTTP/1.1" 302 15086
2022-06-15 14:15:14 DEBUG https://mp.weixin.qq.com:443 "GET /cgi-bin/home?t=home/index&lang=zh_CN&token=1663845022 HTTP/1.1" 200 23887
2022-06-15 14:15:14 DEBUG Starting new HTTPS connection (1): mp.weixin.qq.com:443
2022-06-15 14:15:15 DEBUG https://mp.weixin.qq.com:443 "GET /cgi-bin/searchbiz?action=search_biz&token=1663845022&lang=zh_CN&f=json&ajax=1&random=0.6658938155077457&query=%E6%9F%90%E5%85%AC%E4%BC%97%E5%8F%B7&begin=0&count=5 HTTP/1.1" 200 1353
2022-06-15 14:15:15 DEBUG Starting new HTTPS connection (1): mp.weixin.qq.com:443
2022-06-15 14:15:16 DEBUG https://mp.weixin.qq.com:443 "GET /cgi-bin/appmsg?token=1663845022&lang=zh_CN&f=json&ajax=1&random=0.7022604018671&action=list_ex&begin=0&count=5&query=&fakeid=Mzg2NzU5MDIzMg%3D%3D&type=9 HTTP/1.1" 200 1878
2022-06-15 14:15:16 DEBUG Starting new HTTPS connection (1): mp.weixin.qq.com:443
2022-06-15 14:15:17 DEBUG https://mp.weixin.qq.com:443 "GET /cgi-bin/appmsg?token=1663845022&lang=zh_CN&f=json&ajax=1&random=0.12274004064827826&action=list_ex&begin=27&count=5&query=&fakeid=Mzg2NzU5MDIzMg%3D%3D&type=9 HTTP/1.1" 200 2084
