启动浏览器，打开微信公众号登录界面
请拿手机扫码二维码登录公众号
登录成功
<class 'list'>
[{'domain': 'mp.weixin.qq.com', 'expiry': 4294967295, 'httpOnly': False, 'name': 'mm_lang', 'path': '/', 'secure': True, 'value': 'zh_CN'}, {'domain': 'mp.weixin.qq.com', 'expiry': 1655604564, 'httpOnly': True, 'name': 'slave_user', 'path': '/', 'secure': True, 'value': 'gh_52a317853636'}, {'domain': 'mp.weixin.qq.com', 'expiry': 2147483647, 'httpOnly': True, 'name': 'ua_id', 'path': '/', 'secure': True, 'value': 'EjDEKiZAsUg4xygAAAAAAC4ZhcHWCHd_-1bUgT075vo='}, {'domain': 'mp.weixin.qq.com', 'expiry': 2147483647, 'httpOnly': True, 'name': 'xid', 'path': '/', 'secure': True, 'value': '51d7ead2bc1532c646e4c874d6ec8682'}, {'domain': 'mp.weixin.qq.com', 'expiry': 1655604564, 'httpOnly': True, 'name': 'slave_sid', 'path': '/', 'secure': True, 'value': 'WUdobllJN2U0SWhVVmk3UkIwX1lMZTRVbEZzNnNQZzNRQk9ibmhHU3RqMkZXR1RycjlMMFhVV3RMaFBGTnVyaGdmUnRLNXlpYnJXb0hTalNHd3ltMGp2ZVBWZW0zcEdOVGxKYVA5RVRWT0VvaVd3OWtYZTc3aTVKWmFlVE9MbE5kbUpTUjZLWmFDZkZEajQx'}, {'domain': 'mp.weixin.qq.com', 'httpOnly': True, 'name': 'uuid', 'path': '/', 'secure': True, 'value': '30e756ed851796a35577bb198356478c'}, {'domain': 'mp.weixin.qq.com', 'expiry': 1655604564, 'httpOnly': True, 'name': 'data_ticket', 'path': '/', 'secure': True, 'value': '0P5PgMh/B/M2+V/S5MOP6JyOD0T5VGFgZnMax+osvENXfMumiz8bGfH/aoMeXvv/'}, {'domain': 'mp.weixin.qq.com', 'expiry': 1655604564, 'httpOnly': True, 'name': 'bizuin', 'path': '/', 'secure': True, 'value': '3949376427'}, {'domain': 'mp.weixin.qq.com', 'expiry': 1655604564, 'httpOnly': True, 'name': 'data_bizuin', 'path': '/', 'secure': True, 'value': '3949376427'}, {'domain': 'mp.weixin.qq.com', 'expiry': 1655604564, 'httpOnly': True, 'name': 'slave_bizuin', 'path': '/', 'secure': True, 'value': '3949376427'}, {'domain': 'mp.weixin.qq.com', 'expiry': 2147454824, 'httpOnly': False, 'name': 'wxuin', 'path': '/', 'secure': False, 'value': '55258946277688'}, {'domain': 'mp.weixin.qq.com', 'expiry': 1655604564, 'httpOnly': True, 'name': 'rand_info', 'path': '/', 'secure': True, 'value': 'CAESIDjUYsv5LU9iycNqquldhAahRAk/n2obxv8GQbdebkGq'}]
<class 'dict'>
{'mm_lang': 'zh_CN', 'slave_user': 'gh_52a317853636', 'ua_id': 'EjDEKiZAsUg4xygAAAAAAC4ZhcHWCHd_-1bUgT075vo=', 'xid': '51d7ead2bc1532c646e4c874d6ec8682', 'slave_sid': 'WUdobllJN2U0SWhVVmk3UkIwX1lMZTRVbEZzNnNQZzNRQk9ibmhHU3RqMkZXR1RycjlMMFhVV3RMaFBGTnVyaGdmUnRLNXlpYnJXb0hTalNHd3ltMGp2ZVBWZW0zcEdOVGxKYVA5RVRWT0VvaVd3OWtYZTc3aTVKWmFlVE9MbE5kbUpTUjZLWmFDZkZEajQx', 'uuid': '30e756ed851796a35577bb198356478c', 'data_ticket': '0P5PgMh/B/M2+V/S5MOP6JyOD0T5VGFgZnMax+osvENXfMumiz8bGfH/aoMeXvv/', 'bizuin': '3949376427', 'data_bizuin': '3949376427', 'slave_bizuin': '3949376427', 'wxuin': '55258946277688', 'rand_info': 'CAESIDjUYsv5LU9iycNqquldhAahRAk/n2obxv8GQbdebkGq'}
<class 'str'>
{"mm_lang": "zh_CN", "slave_user": "gh_52a317853636", "ua_id": "EjDEKiZAsUg4xygAAAAAAC4ZhcHWCHd_-1bUgT075vo=", "xid": "51d7ead2bc1532c646e4c874d6ec8682", "slave_sid": "WUdobllJN2U0SWhVVmk3UkIwX1lMZTRVbEZzNnNQZzNRQk9ibmhHU3RqMkZXR1RycjlMMFhVV3RMaFBGTnVyaGdmUnRLNXlpYnJXb0hTalNHd3ltMGp2ZVBWZW0zcEdOVGxKYVA5RVRWT0VvaVd3OWtYZTc3aTVKWmFlVE9MbE5kbUpTUjZLWmFDZkZEajQx", "uuid": "30e756ed851796a35577bb198356478c", "data_ticket": "0P5PgMh/B/M2+V/S5MOP6JyOD0T5VGFgZnMax+osvENXfMumiz8bGfH/aoMeXvv/", "bizuin": "3949376427", "data_bizuin": "3949376427", "slave_bizuin": "3949376427", "wxuin": "55258946277688", "rand_info": "CAESIDjUYsv5LU9iycNqquldhAahRAk/n2obxv8GQbdebkGq"}
cookies信息已保存到本地
开始爬取公众号：陈同学在搬砖
历史文章总数为 87
87
正在翻页：-------------- 30
20220615-100904
获取到原创文章：一名普通深圳中学老师的日常 ： http://mp.weixin.qq.com/s?__biz=MzkzNzIzNjI4Nw==&mid=2247486455&idx=1&sn=e64b3de4b1ddf5202c33341ee1be658d&chksm=c293c9a7f5e440b10e5283d14bc16a5cf1fb3de6e7a508214eeb7e06e0184fe682a1ac7252dd#rd
获取到原创文章：被讨厌是一种怎样的体验？ ： http://mp.weixin.qq.com/s?__biz=MzkzNzIzNjI4Nw==&mid=2247486293&idx=1&sn=651dd7db8d835cc7ef5036045690adce&chksm=c293c905f5e44013029eaff3a28d7034a89ac80956f4c2702d71089d368cfd42a9e3c92c514f#rd
获取到原创文章：在美团工作一年后的体验分享 ： http://mp.weixin.qq.com/s?__biz=MzkzNzIzNjI4Nw==&mid=2247486176&idx=1&sn=2b69626551bc8ddc887b0e89e16f80e1&chksm=c293c8b0f5e441a62b1ff7d6ec1b93e70b509c5d4308f2c7a7437f1986220927fca8c99dc254#rd
获取到原创文章：《 爷  青  回 》 ： http://mp.weixin.qq.com/s?__biz=MzkzNzIzNjI4Nw==&mid=2247486094&idx=1&sn=76480ea3ba12651acbeb16c5aa03b3c1&chksm=c293c8def5e441c8711d864d252bea18ad3400c04137976fa0f946a8838fc85a5560964d27ab#rd
获取到原创文章：40+场面试,100%通过率,我想分享的14条经验 ： http://mp.weixin.qq.com/s?__biz=MzkzNzIzNjI4Nw==&mid=2247486003&idx=1&sn=990327bc71796a79e7ee58139eca8f1e&chksm=c293c863f5e4417565357d55ac9729d02e4848840a230bf1eb2c067eef0a106bcb81e186dcc4#rd
正在翻页：-------------- 35
20220615-101015
获取到原创文章：关于粉丝迁移至本公众号的说明 ： http://mp.weixin.qq.com/s?__biz=MzkzNzIzNjI4Nw==&mid=2247485876&idx=1&sn=ffea46ceb654306bf189c20b9b975034&chksm=c293cbe4f5e442f24f7af6157bb5a385dd48cb72f83b8ee1a3bd480a003574ecd43f4eec1aff#rd
获取到原创文章：关于粉丝迁移至本公众号的说明 ： http://mp.weixin.qq.com/s?__biz=MzkzNzIzNjI4Nw==&mid=2247483649&idx=1&sn=53b1929b953e6b0fc9483cf4ba7cfceb&chksm=c293c351f5e44a478f9f211fd8230dd61e50221c37940788bada4d8f40469e9ede7d825f36c8#rd
获取到原创文章：聊聊最近看的一本颠覆认知的书。 ： http://mp.weixin.qq.com/s?__biz=MzkzNzIzNjI4Nw==&mid=2247485869&idx=1&sn=5e1fd3e0ddd73c8151a57252b8764118&chksm=c293cbfdf5e442eb41dc5f9bb64fdecffbb5bcc1c13ddf06e924b7ca96769e8cb1f6d5024c8c#rd
获取到原创文章：陈同学拍了一个vlog ： http://mp.weixin.qq.com/s?__biz=MzkzNzIzNjI4Nw==&mid=2247485865&idx=1&sn=d00b88d07304eff6389574b7214a10ad&chksm=c293cbf9f5e442eff5a34db7802c10b1c4fd77cec197a128e614df19d01dfc24c779d33c52b0#rd
获取到原创文章：从0开始到拿下BAT，我看了哪些书？ ： http://mp.weixin.qq.com/s?__biz=MzkzNzIzNjI4Nw==&mid=2247485845&idx=1&sn=7932deb22cd86d093c3f9bb275540309&chksm=c293cbc5f5e442d31847587b0dd207d409b952c2f75100e8d63db102df350c07f138cdaf7563#rd
正在翻页：-------------- 40
20220615-101121
获取到原创文章：陈同学要讲的第一本书竟然是？ ： http://mp.weixin.qq.com/s?__biz=MzkzNzIzNjI4Nw==&mid=2247485832&idx=1&sn=1fad7df63a0991d3c867dab849285dd2&chksm=c293cbd8f5e442ceaa17dc099dfd16ef4d8e1f2741adf9a74ade2c477e215483bfcc7862aaaa#rd
获取到原创文章：陈同学的学习方法论。 ： http://mp.weixin.qq.com/s?__biz=MzkzNzIzNjI4Nw==&mid=2247485829&idx=1&sn=24685cd3add384580abbe87627d0caa6&chksm=c293cbd5f5e442c3bfa1452227eb2819b40273c4b55ba8200c9e02a6a292eded02a88cb75bce#rd
获取到原创文章：一个新想法。 ： http://mp.weixin.qq.com/s?__biz=MzkzNzIzNjI4Nw==&mid=2247485816&idx=1&sn=d21b665ab1098fcb92560d32034a6d70&chksm=c293cb28f5e4423ebef11370e89ccc55017b5edcf236d40d511a165762b96d22df1db2a8467c#rd
获取到原创文章：毕业了 ： http://mp.weixin.qq.com/s?__biz=MzkzNzIzNjI4Nw==&mid=2247485808&idx=1&sn=43981d8432cf343ad592b6a69185a409&chksm=c293cb20f5e442361c7c6c45086e16937e82f22ca8fab1fb92580e01ab6a3e65688ba41645a1#rd
获取到原创文章：剪了一个视频，熬了一个通宵 ： http://mp.weixin.qq.com/s?__biz=MzkzNzIzNjI4Nw==&mid=2247485804&idx=1&sn=a64dc72f8dfa5f15d8c26cbe44210a58&chksm=c293cb3cf5e4422a3af83b9fde57815d38cfbd5abc44eaaddb763fb779190d3ee9ffa268285d#rd
正在翻页：-------------- 45
20220615-101229
获取到原创文章：陈同学第一次被邀请参加一个讲座。。。 ： http://mp.weixin.qq.com/s?__biz=MzkzNzIzNjI4Nw==&mid=2247485800&idx=1&sn=dc92cbac46b19e238c8639aa49e29c91&chksm=c293cb38f5e4422e0b0362b7129e7c38f45705765588bd28fa2553a5163b6d475db8d1bb2749#rd
获取到原创文章：《完  结  撒  花》 ： http://mp.weixin.qq.com/s?__biz=MzkzNzIzNjI4Nw==&mid=2247485798&idx=1&sn=0310ebfac49a8dbefd1e7fda070f8eec&chksm=c293cb36f5e4422095330aa1e23fb079b2d197c3786bef51ea5e3fa5bdc3c871d96e11a72b75#rd
获取到原创文章：一个当代划水研究生的毕业答辩现场 ： http://mp.weixin.qq.com/s?__biz=MzkzNzIzNjI4Nw==&mid=2247485794&idx=1&sn=5b1b7ce5b8f51536cfabaeb05d5a0cb5&chksm=c293cb32f5e44224c8e20d88b89793327a2cdccd3ec71bccb3339c0e695cd905b7266c5e1821#rd
获取到原创文章：猜猜我在哪？ ： http://mp.weixin.qq.com/s?__biz=MzkzNzIzNjI4Nw==&mid=2247485790&idx=1&sn=c01bb8cf9e4bf344a3d3315e7cfe534c&chksm=c293cb0ef5e44218f78d515e9b3d3eed2a3a2f01bbe87f46042b0b3eb0201cf85b3aceae8887#rd
获取到原创文章：C++后台开发学习路线 ： http://mp.weixin.qq.com/s?__biz=MzkzNzIzNjI4Nw==&mid=2247485779&idx=1&sn=e959aed7f7d467df29faa6de8c20fab4&chksm=c293cb03f5e44215681e1d137e01bfa3e8da9936f3acac1ddb4ca96e8360338113d580a4543e#rd
正在翻页：-------------- 50
20220615-101341
获取到原创文章：7000+字总结，可能是东半球最全面的简历避坑指南 ： http://mp.weixin.qq.com/s?__biz=MzkzNzIzNjI4Nw==&mid=2247485775&idx=1&sn=271c14a133a38d5a02c02c068a736b99&chksm=c293cb1ff5e442096b93507754a5eaf70e0adfe90b09c75f6534ef72c43f594ff2a2d559f66e#rd
获取到原创文章：拿下阿里腾讯字节,陈同学的简历长什么样？ ： http://mp.weixin.qq.com/s?__biz=MzkzNzIzNjI4Nw==&mid=2247485773&idx=1&sn=674cf8e02fbfddd0fe983a87f479f5da&chksm=c293cb1df5e4420b6190d71b57ced2cf66faef2642cc7f235e54a97f6af046cec10866b30d20#rd
获取到原创文章：陈同学整理的10个可以写到简历上C++项目 ： http://mp.weixin.qq.com/s?__biz=MzkzNzIzNjI4Nw==&mid=2247485770&idx=1&sn=6e62f1a0ec73df219bab529d3c0072c3&chksm=c293cb1af5e4420c468df20b157f0f90276b6c97f442fb3dc3895ea6308361cddca9ef22e9e0#rd
获取到原创文章：陈同学的秋招笔记汇总 ： http://mp.weixin.qq.com/s?__biz=MzkzNzIzNjI4Nw==&mid=2247485768&idx=1&sn=2f05cdf1b7926db9e60d34e245c2acae&chksm=c293cb18f5e4420eb2dc703bc108fa3c9b93d138f906292608bed37b4f642c95f3d7e5b54d4f#rd
获取到原创文章：这是一份能帮你60天拿下BAT的秋招笔记【git篇】 ： http://mp.weixin.qq.com/s?__biz=MzkzNzIzNjI4Nw==&mid=2247485766&idx=1&sn=fe2ff693927e551ed23679fc4a3bedbb&chksm=c293cb16f5e44200e622320f28478a781475e6c734823d344204022e92f4baf45297144759d8#rd
正在翻页：-------------- 55
20220615-101451
获取到原创文章：这是一份能帮你60天拿下BAT的秋招笔记【STL篇】 ： http://mp.weixin.qq.com/s?__biz=MzkzNzIzNjI4Nw==&mid=2247485765&idx=1&sn=d23d173627ce8d8b7b92604115450d71&chksm=c293cb15f5e442030980efed6c4abb5aa912742751f676bbf8463db263d1ca18bb2f4e28682a#rd
获取到原创文章：这是一份能帮你60天拿下BAT的秋招笔记【网络编程篇】 ： http://mp.weixin.qq.com/s?__biz=MzkzNzIzNjI4Nw==&mid=2247485764&idx=1&sn=68fe5e9f6ecf744e04691b829a20737a&chksm=c293cb14f5e442022b962ce8e61a0185b99e1f13416ac9c7f9ba3106ed65dea266fbd193181e#rd
获取到原创文章：这是一份能帮你60天拿下BAT的秋招笔记【Linux命令篇】 ： http://mp.weixin.qq.com/s?__biz=MzkzNzIzNjI4Nw==&mid=2247485763&idx=1&sn=61171977a9272d5147c62006cc584aa8&chksm=c293cb13f5e44205117dfc3e59b3676e44ec6de3458f8d62d84180aaf8f40bbfd84100e50334#rd
获取到原创文章：这是一份能帮你60天拿下BAT的秋招笔记【C++篇】 ： http://mp.weixin.qq.com/s?__biz=MzkzNzIzNjI4Nw==&mid=2247485760&idx=1&sn=2fdbbdb3fdbcd5c42823de723dcb66a6&chksm=c293cb10f5e442065c33ea0887543802ec57636c8bc2638bb38ccb6d8ded75a15010eecabc7c#rd
获取到原创文章：这是一份能帮你60天拿下BAT的秋招笔记【数据库篇】 ： http://mp.weixin.qq.com/s?__biz=MzkzNzIzNjI4Nw==&mid=2247485759&idx=1&sn=786088754994c8bbf51398ccd9d6d1a3&chksm=c293cb6ff5e442797cc1755c1ae8cfe6090648319f03c7783d5def5c2c9d3670b12c4beb7f0f#rd
正在翻页：-------------- 60
20220615-101559
获取到原创文章：这是一份能帮你60天拿下BAT的秋招笔记【计算机网络篇】 ： http://mp.weixin.qq.com/s?__biz=MzkzNzIzNjI4Nw==&mid=2247485757&idx=1&sn=f0eedfac63e8a7261354d33598aed7e3&chksm=c293cb6df5e4427b7ccc7c32bf6b864fc1bd857e43f65de8e8e125eaa81942861aad17adc1d0#rd
获取到原创文章：这是一份能帮你60天拿下BAT的秋招笔记【操作系统篇】 ： http://mp.weixin.qq.com/s?__biz=MzkzNzIzNjI4Nw==&mid=2247485755&idx=1&sn=531b9993b87a79599339ded9f4c5da68&chksm=c293cb6bf5e4427d1db655edf828564ba505808b5ae4dafb33a0b6bc7a72c01d03ce9660e61d#rd
获取到原创文章：【秋招笔记_操作系统篇】
1.
操作系统的秋招笔记已整理好
还需要准备文案
给大家讲解该笔记的正确打开方式
所以大家稍安勿躁 
大概会在这一两天内放送

2.
操作系统这门笔记内容
覆盖了面试中90%的问题方向
掌握了该笔记就相当于看完了
5本书 2门网课 80+博客文章 
15天可以搞定

3.
连续肝了十几个小时
而且是免费的
用爱发电[打脸][打脸]
求大家一定帮忙转发 多多三连啊 ： http://mp.weixin.qq.com/s?__biz=MzkzNzIzNjI4Nw==&mid=2247485754&idx=1&sn=ebe189709e47ca67444e01f7bd18e906&chksm=c293cb6af5e4427cc90bdf77e31c91a60cb27770d2c83f9df160c8b3cf009f7d0008824c7057#rd
获取到原创文章：这份笔记或许能帮你60天拿下BAT,你信吗？ ： http://mp.weixin.qq.com/s?__biz=MzkzNzIzNjI4Nw==&mid=2247485753&idx=1&sn=48e680014a470fead3c3437a0426f6ea&chksm=c293cb69f5e4427f6ce5df9f6ef2fa7722c269bd65001a8a36168eb16c49c7977a6cdd56ddb5#rd
获取到原创文章：一个月200题,命中80%,拿下BAT,我独特的高效刷题法 ： http://mp.weixin.qq.com/s?__biz=MzkzNzIzNjI4Nw==&mid=2247485750&idx=1&sn=58e885eb0085711f9b58ed78b240dab7&chksm=c293cb66f5e4427084736523db67559ea310f1fb4fca1940b5aa98344965fe0a9f8d69117874#rd
正在翻页：-------------- 65
20220615-101711
获取到原创文章：陈同学拿到字节阿里腾讯offer后,决定分享自己独特的刷题方法 ： http://mp.weixin.qq.com/s?__biz=MzkzNzIzNjI4Nw==&mid=2247485749&idx=1&sn=c27f1583dd1f91c31d20430f222fc305&chksm=c293cb65f5e44273e1fd29ea590e1bd803955094db2430fa233f7fb13ea2b848154b54924efa#rd
获取到原创文章：如何五分钟内学会Docker所有的镜像命令? ： http://mp.weixin.qq.com/s?__biz=MzkzNzIzNjI4Nw==&mid=2247485748&idx=1&sn=827691ac89e38b223ff5833569f1538c&chksm=c293cb64f5e442721b3c6fcd5c9bce8a50546b143b9884d206e4db09d5960b778c1728c8afdd#rd
获取到原创文章：如何用最简短的话讲清楚Docker的全貌? ： http://mp.weixin.qq.com/s?__biz=MzkzNzIzNjI4Nw==&mid=2247485747&idx=1&sn=ded430d75a0b26265a78a5682f62c5d6&chksm=c293cb63f5e442759aa9d7f9f10a24c35eee309bca47d1ce8d4c28ff7b09b69edcdb844cdb22#rd
获取到原创文章：适合零基础，陈同学的Docker笔记开始连载！！！ ： http://mp.weixin.qq.com/s?__biz=MzkzNzIzNjI4Nw==&mid=2247485745&idx=1&sn=8ad03c4b8ef2adc67cfe577a88f540aa&chksm=c293cb61f5e44277ec979de1edb39b1f625116aeba8529f1136a5ccb16eaf4ea240503bf919a#rd
获取到原创文章：1张图搞懂connect函数源码 ： http://mp.weixin.qq.com/s?__biz=MzkzNzIzNjI4Nw==&mid=2247485743&idx=1&sn=a2227f7059d37106104655cf4cf9ed16&chksm=c293cb7ff5e44269f93e7125def014c9597697a7338199a1b495f921c8d603a1fa93ef274e98#rd
正在翻页：-------------- 70
20220615-101821
wkhtmltopdf exited with non-zero code 1. error:
QPainter::begin(): Returned false
Exit with code 1, due to unknown error.

/Users/dip/PycharmProjects/mywechatsavings/main.py:51: DeprecationWarning: executable_path has been deprecated, please pass in a Service object
  driver = webdriver.Chrome(executable_path=CHROME_DRIVER)
