启动浏览器，打开微信公众号登录界面
请拿手机扫码二维码登录公众号
登录成功
<class 'list'>
[{'domain': 'mp.weixin.qq.com', 'expiry': 4294967295, 'httpOnly': False, 'name': 'mm_lang', 'path': '/', 'secure': True, 'value': 'zh_CN'}, {'domain': 'mp.weixin.qq.com', 'expiry': 1655606597, 'httpOnly': True, 'name': 'slave_user', 'path': '/', 'secure': True, 'value': 'gh_52a317853636'}, {'domain': 'mp.weixin.qq.com', 'expiry': 2147483647, 'httpOnly': True, 'name': 'ua_id', 'path': '/', 'secure': True, 'value': 'HCZsroF4UHI69tI3AAAAADaaCLXQaAwz56aWl0AnNoU='}, {'domain': 'mp.weixin.qq.com', 'expiry': 2147483647, 'httpOnly': True, 'name': 'xid', 'path': '/', 'secure': True, 'value': 'b91fa8736275bb87c9ff799936e4dac8'}, {'domain': 'mp.weixin.qq.com', 'expiry': 1655606597, 'httpOnly': True, 'name': 'slave_sid', 'path': '/', 'secure': True, 'value': 'bUZ5QmFtN0lXOHpCOGRERWtHc09JQ01PX0ZNS1ZZTVBvSGZTMEZvY1d6MFAyOGswRFlGZlpOczVWMzloVk1hVUhCeGR6SFdMMXdnd0RCcXdaS0JKaUZFNEtJb21vMXRBdjVxU1pxTXVKTTRJcnhWUEoxSlNPbWhycGNjdkJiMWVRTzM0UlpwNm5ydjB4aGlS'}, {'domain': 'mp.weixin.qq.com', 'httpOnly': True, 'name': 'uuid', 'path': '/', 'secure': True, 'value': 'd1b75fea8374deb5e0a0a79a3640a3d3'}, {'domain': 'mp.weixin.qq.com', 'expiry': 1655606597, 'httpOnly': True, 'name': 'data_ticket', 'path': '/', 'secure': True, 'value': 'BRyd3+VsM0IWZ1/iazTyb9JGP1TlpI1nV5wUZ7e3epqTqcujnDKv+Nv9WQWBSQjf'}, {'domain': 'mp.weixin.qq.com', 'expiry': 1655606597, 'httpOnly': True, 'name': 'bizuin', 'path': '/', 'secure': True, 'value': '3949376427'}, {'domain': 'mp.weixin.qq.com', 'expiry': 1655606597, 'httpOnly': True, 'name': 'data_bizuin', 'path': '/', 'secure': True, 'value': '3949376427'}, {'domain': 'mp.weixin.qq.com', 'expiry': 1655606597, 'httpOnly': True, 'name': 'slave_bizuin', 'path': '/', 'secure': True, 'value': '3949376427'}, {'domain': 'mp.weixin.qq.com', 'expiry': 2147454824, 'httpOnly': False, 'name': 'wxuin', 'path': '/', 'secure': False, 'value': '55260980308939'}, {'domain': 'mp.weixin.qq.com', 'expiry': 1655606597, 'httpOnly': True, 'name': 'rand_info', 'path': '/', 'secure': True, 'value': 'CAESIKpx7j32+wZkbkPSchkxeFgG9Ddb4n8mkOMc8OwfU0re'}]
<class 'dict'>
{'mm_lang': 'zh_CN', 'slave_user': 'gh_52a317853636', 'ua_id': 'HCZsroF4UHI69tI3AAAAADaaCLXQaAwz56aWl0AnNoU=', 'xid': 'b91fa8736275bb87c9ff799936e4dac8', 'slave_sid': 'bUZ5QmFtN0lXOHpCOGRERWtHc09JQ01PX0ZNS1ZZTVBvSGZTMEZvY1d6MFAyOGswRFlGZlpOczVWMzloVk1hVUhCeGR6SFdMMXdnd0RCcXdaS0JKaUZFNEtJb21vMXRBdjVxU1pxTXVKTTRJcnhWUEoxSlNPbWhycGNjdkJiMWVRTzM0UlpwNm5ydjB4aGlS', 'uuid': 'd1b75fea8374deb5e0a0a79a3640a3d3', 'data_ticket': 'BRyd3+VsM0IWZ1/iazTyb9JGP1TlpI1nV5wUZ7e3epqTqcujnDKv+Nv9WQWBSQjf', 'bizuin': '3949376427', 'data_bizuin': '3949376427', 'slave_bizuin': '3949376427', 'wxuin': '55260980308939', 'rand_info': 'CAESIKpx7j32+wZkbkPSchkxeFgG9Ddb4n8mkOMc8OwfU0re'}
<class 'str'>
{"mm_lang": "zh_CN", "slave_user": "gh_52a317853636", "ua_id": "HCZsroF4UHI69tI3AAAAADaaCLXQaAwz56aWl0AnNoU=", "xid": "b91fa8736275bb87c9ff799936e4dac8", "slave_sid": "bUZ5QmFtN0lXOHpCOGRERWtHc09JQ01PX0ZNS1ZZTVBvSGZTMEZvY1d6MFAyOGswRFlGZlpOczVWMzloVk1hVUhCeGR6SFdMMXdnd0RCcXdaS0JKaUZFNEtJb21vMXRBdjVxU1pxTXVKTTRJcnhWUEoxSlNPbWhycGNjdkJiMWVRTzM0UlpwNm5ydjB4aGlS", "uuid": "d1b75fea8374deb5e0a0a79a3640a3d3", "data_ticket": "BRyd3+VsM0IWZ1/iazTyb9JGP1TlpI1nV5wUZ7e3epqTqcujnDKv+Nv9WQWBSQjf", "bizuin": "3949376427", "data_bizuin": "3949376427", "slave_bizuin": "3949376427", "wxuin": "55260980308939", "rand_info": "CAESIKpx7j32+wZkbkPSchkxeFgG9Ddb4n8mkOMc8OwfU0re"}
cookies信息已保存到本地
开始爬取公众号：辰界时
历史文章总数为 13
13
正在翻页：-------------- 0
20220615-104258
获取到原创文章：雨 ： http://mp.weixin.qq.com/s?__biz=MzU4MzYzNjU5NQ==&mid=2247484040&idx=1&sn=cebafe6a0271392c452c6ff5d7ae91f4&chksm=fda74194cad0c882dc14854fe13e6dc21ce82bd30dccd2932e0e979ed1beeb3971d76d917644#rd
获取到原创文章：谈恋爱要从娃娃抓起 ： http://mp.weixin.qq.com/s?__biz=MzU4MzYzNjU5NQ==&mid=2247483754&idx=1&sn=1131065acc0cd7922208d865342ea477&chksm=fda74276cad0cb6016737dd7c9f17a2382bfa65813eb3df45d804f8b31425994b6353af1504f#rd
获取到原创文章：冬天！ ： http://mp.weixin.qq.com/s?__biz=MzU4MzYzNjU5NQ==&mid=2247483748&idx=1&sn=f398bb93e2d855be9b6746e3285d1e69&chksm=fda74278cad0cb6e39b3fae4212970288010bb9700d9b8dbdb5f1f2dece90724f0f8f460447e#rd
获取到原创文章：去广州艳遇才是正经事 ： http://mp.weixin.qq.com/s?__biz=MzU4MzYzNjU5NQ==&mid=2247483740&idx=1&sn=fd6e8412a7b6359ddd5d1603095741b6&chksm=fda74240cad0cb562b5b8bdb7f17748ab762e31ecae62c4be0b5f9b6c2a75b141af1d5242878#rd
获取到原创文章：隔壁学校中考 ： http://mp.weixin.qq.com/s?__biz=MzU4MzYzNjU5NQ==&mid=2247483734&idx=1&sn=7dcb5afbf5ba06e7027eaca5dde80ea0&chksm=fda7424acad0cb5cce812cf466356db2f9bf6b6055ea16359c623e30483b287b8acc774f72ea#rd
正在翻页：-------------- 5
20220615-104407
获取到原创文章：假如放学不和最好看的男孩同路就好了 ： http://mp.weixin.qq.com/s?__biz=MzU4MzYzNjU5NQ==&mid=2247483729&idx=1&sn=aaa21ce14c0a5631446d01269d5e0c35&chksm=fda7424dcad0cb5bc6f5166ae4d8600299ecceae30af325744f3001e5b04d1b580e0dcf3031b#rd
获取到原创文章：小镇生活 ： http://mp.weixin.qq.com/s?__biz=MzU4MzYzNjU5NQ==&mid=2247483724&idx=1&sn=762976ececfb3bfb68f1f746f3a59138&chksm=fda74250cad0cb46b7eaa03c294f1c7103fa8a34d179f24f22925d05157d84f5fb0c5735c4ce#rd
获取到原创文章：伤心太平洋 ： http://mp.weixin.qq.com/s?__biz=MzU4MzYzNjU5NQ==&mid=2247483694&idx=1&sn=a4208ac568ee1a96de8c608c13a6c53a&chksm=fda74232cad0cb24773d6ac4004b43de10cad6c1a77c71a21d12e33ac7eab335bc30d7466384#rd
获取到原创文章：烟花 ： http://mp.weixin.qq.com/s?__biz=MzU4MzYzNjU5NQ==&mid=2247483680&idx=1&sn=3b490b69177c440f11ba2d6949c29f99&chksm=fda7423ccad0cb2acadae2a3e0cde6c17e49bd9d513ebc0dcd5dd138731a9b3bbd54ad39da53#rd
获取到原创文章：泡一碗面 ： http://mp.weixin.qq.com/s?__biz=MzU4MzYzNjU5NQ==&mid=2247483675&idx=1&sn=12e749f75ecd6aa0b29368601231cf6b&chksm=fda74207cad0cb1121167dbaf5ea7a66fdf9478759d15e4c4976652dc87b6e1c50148077994b#rd
正在翻页：-------------- 10
20220615-104515
获取到原创文章：睡前记得喝牛奶 ： http://mp.weixin.qq.com/s?__biz=MzU4MzYzNjU5NQ==&mid=2247483668&idx=1&sn=68d7a0fa81d19abfc6cdba32590ecc92&chksm=fda74208cad0cb1e6ebaaef5051a1575219955fc874382f804703c62205646cd50e4ed81166a#rd
获取到原创文章：汉江樱花 ： http://mp.weixin.qq.com/s?__biz=MzU4MzYzNjU5NQ==&mid=2247483662&idx=1&sn=bf5ef43fe6a9c2257f6f8055b2399c02&chksm=fda74212cad0cb04d8f04dc225710535f338cbca425d88ea26251e350de84f6af9f702f9248b#rd
获取到原创文章：喝点什么 ： http://mp.weixin.qq.com/s?__biz=MzU4MzYzNjU5NQ==&mid=2247483653&idx=1&sn=2da377d3c8453d3d77f59bf86e462fbe&chksm=fda74219cad0cb0fda00e7cb3a9f28e113e84a17a94c2f17f9e944e612ed9042c4d1a51dd015#rd
爬取完成
开始爬取公众号：根张
历史文章总数为 8
8
正在翻页：-------------- 0
20220615-104620
获取到原创文章：分享图片 ： http://mp.weixin.qq.com/s?__biz=MzA5MDQyMjE3Ng==&mid=2651591870&idx=1&sn=5e88b45103491f17ac91c37df63b98af&chksm=8bf35a71bc84d3673085bd0de4c7536ce788e56a63f47833840aea23418ed0bcbe24a6c4f427#rd
获取到原创文章：三十而砺 ： http://mp.weixin.qq.com/s?__biz=MzA5MDQyMjE3Ng==&mid=2651591867&idx=1&sn=7474f58d1e5df44919790f6b2a6ea026&chksm=8bf35a74bc84d3626f2762effac33a9701bc4031d4dbc93b67355bb54a6bd33b96a64054a47f#rd
获取到原创文章：根叔的毕业照约拍 ： http://mp.weixin.qq.com/s?__biz=MzA5MDQyMjE3Ng==&mid=2651591805&idx=1&sn=8d4d6d85b345a4e3e7b4a1d247ef3bc8&chksm=8bf35ab2bc84d3a42b69eb61edc78ef0a7425c38e11bd73adf95f3dc298e886a35b23edc0dba#rd
获取到原创文章：这是《哈利波特》里让我印象最深的一段 ： http://mp.weixin.qq.com/s?__biz=MzA5MDQyMjE3Ng==&mid=2651591752&idx=1&sn=165c1827f5bdece6e758bc4cb822891d&chksm=8bf35a87bc84d391d5ea9b5fa99c587530a59ee5e3621994e396f953817443a4d8161b553925#rd
获取到原创文章：【八卦时间】论立Flag的水平跑男差不多就是综艺界的《无极》 ： http://mp.weixin.qq.com/s?__biz=MzA5MDQyMjE3Ng==&mid=2651591747&idx=1&sn=c0cf13645fbdfbf608fbffacf448966f&chksm=8bf35a8cbc84d39a23cf3a114dbeae4bdc9f4a372e28b0d5088ed34d2d5d4d702b4a0ee11254#rd
获取到原创文章：问卷换写真的最终名单粗来了 ： http://mp.weixin.qq.com/s?__biz=MzA5MDQyMjE3Ng==&mid=2651591747&idx=2&sn=754681ea88e503545afa638b8b517a7f&chksm=8bf35a8cbc84d39a95e358b5dbbb4b8be86c7bc3671148ea3377ab568951ec6835ed5ebee695#rd
正在翻页：-------------- 5
20220615-104738
获取到原创文章：这大概是能免费拍出的最好毕业写真，顺带还能拯救毕业狗。 ： http://mp.weixin.qq.com/s?__biz=MzA5MDQyMjE3Ng==&mid=2651591732&idx=1&sn=79ca45f239e28778332332d90906dfda&chksm=8bf35afbbc84d3ed1e6111675b65ffef20e0e69ae44d75920d8aaf378e4e8d847261a8386d78#rd
获取到原创文章：【新手向】如何在燕园拍点好看的毕业照 ： http://mp.weixin.qq.com/s?__biz=MzA5MDQyMjE3Ng==&mid=2651591712&idx=1&sn=fe022f085a6da3b99be7b1f57c209e57&chksm=8bf35aefbc84d3f9e7f30875bd54f84a66056578519087112fc2539d09e48a334618f4aeef2c#rd
获取到原创文章：【整理CD】选秀十二年 ： http://mp.weixin.qq.com/s?__biz=MzA5MDQyMjE3Ng==&mid=2651591685&idx=1&sn=097fbee9d96f2074ea2e5fb291b5e3c2&chksm=8bf35acabc84d3dc8e9a78c0fe13adbbeb252c84538366010dda9ca0eff740f0c0f06a250c22#rd
爬取完成
开始爬取公众号：HeyBreeze
历史文章总数为 18
18
正在翻页：-------------- 0
20220615-104845
获取到原创文章：观己录｜在纷繁浮杂中如何保持自我 ： http://mp.weixin.qq.com/s?__biz=MzUxNDU0MDI2Nw==&mid=2247484296&idx=1&sn=9bf0d3e34939b9e159dcf554d1550f4b&chksm=f945140cce329d1a4ca8f067ec8ddcda9fe1c2eb9aeea17e8c1ff40ab8b14baf78c0807da78f#rd
获取到原创文章：随笔｜今日午后，一漾一漾漫开的回忆 ： http://mp.weixin.qq.com/s?__biz=MzUxNDU0MDI2Nw==&mid=2247484290&idx=1&sn=73013e8e39741b52a65f8fed2a0a6413&chksm=f9451406ce329d1075f5d3dc3c3a754b726d55d10ba569e5fc69f747849031a86a0fd23c2835#rd
获取到原创文章：Brilliant Artist｜星际穿越 点点星光 ： http://mp.weixin.qq.com/s?__biz=MzUxNDU0MDI2Nw==&mid=2247484280&idx=1&sn=1bc9bbb516de5ee9c25afd26f67021e6&chksm=f94514fcce329dea85d76362fb719641dbe5d3da85bec0ba1af48e972344be87aefc3cc3068c#rd
获取到原创文章：2021回忆录｜链接过去和未来的一年 ： http://mp.weixin.qq.com/s?__biz=MzUxNDU0MDI2Nw==&mid=2247484256&idx=1&sn=8f2b32bc1728515e2f5896611808944a&chksm=f94514e4ce329df28cab919e325350b9f253c7a2cf9b800ed77761fa0ed887c3b2453544b921#rd
获取到原创文章：散诗｜带风和影的文字 ： http://mp.weixin.qq.com/s?__biz=MzUxNDU0MDI2Nw==&mid=2247484186&idx=1&sn=38cf2b6bda71af6a5a41abbfe47720bd&chksm=f945149ece329d88bc36aa16f56a1fd9f992de386d6a3899b818d10fb3ec2170665ed28067bb#rd
正在翻页：-------------- 5
20220615-104953
获取到原创文章：随笔信｜给Oria ： http://mp.weixin.qq.com/s?__biz=MzUxNDU0MDI2Nw==&mid=2247484147&idx=1&sn=92cb1974752e1a6bed4fe46155b3d1b3&chksm=f9451577ce329c61c2b881c5e80b9962e757a0a6a647e5553c92c1a9c29f17e5a939dc6dd5ce#rd
获取到原创文章：我的翻译周记｜从小生长的山西竟如此迷人 ： http://mp.weixin.qq.com/s?__biz=MzUxNDU0MDI2Nw==&mid=2247484138&idx=1&sn=d350609e894495dc31ab1273133fd981&chksm=f945156ece329c78d77a9645d66e530acc73311d44899e1f4e1deaf290a49db5e3e321d8451b#rd
获取到原创文章：散诗｜我要，我会，我是 ： http://mp.weixin.qq.com/s?__biz=MzUxNDU0MDI2Nw==&mid=2247484058&idx=1&sn=4d9799e4b00146c9165877ac87a1bca7&chksm=f945151ece329c089b858c8f08f760240c117b446fc507896ec21abdb20216d727e243de1e0c#rd
获取到原创文章：散文｜一个孩子在低落时对世界和大人的思考 ： http://mp.weixin.qq.com/s?__biz=MzUxNDU0MDI2Nw==&mid=2247484046&idx=1&sn=6a1c7af2bee790cf843ce700b5ed7d99&chksm=f945150ace329c1cae998119d6b72b462848f805436fd0a93f2148bd44a40a90f8c26efa4cba#rd
获取到原创文章：音乐 | 几首戳人灵魂的歌曲分享 ： http://mp.weixin.qq.com/s?__biz=MzUxNDU0MDI2Nw==&mid=2247484034&idx=1&sn=00a2bdfc5a0049d3c78b9e41ed5d40fd&chksm=f9451506ce329c10e1f82b77e72acee639e0007729e9087c336de6a5ea1347b82f1488912357#rd
正在翻页：-------------- 10
20220615-105101
获取到原创文章：挥手2020｜月回忆录 ： http://mp.weixin.qq.com/s?__biz=MzUxNDU0MDI2Nw==&mid=2247483990&idx=1&sn=d91c41891eb540094badf7fec8028bd5&chksm=f94515d2ce329cc4d151ebcd19c87bd2f6a0d8585a385147c51824945012c99dee2d99d535d8#rd
wkhtmltopdf exited with non-zero code 1. error:
QPainter::begin(): Returned false
Exit with code 1, due to unknown error.

/Users/dip/PycharmProjects/mywechatsavings/main.py:51: DeprecationWarning: executable_path has been deprecated, please pass in a Service object
  driver = webdriver.Chrome(executable_path=CHROME_DRIVER)
