启动浏览器，打开微信公众号登录界面
请拿手机扫码二维码登录公众号
登录成功
<class 'list'>
[{'domain': 'mp.weixin.qq.com', 'expiry': 4294967295, 'httpOnly': False, 'name': 'mm_lang', 'path': '/', 'secure': True, 'value': 'zh_CN'}, {'domain': 'mp.weixin.qq.com', 'expiry': 1655604335, 'httpOnly': True, 'name': 'slave_user', 'path': '/', 'secure': True, 'value': 'gh_52a317853636'}, {'domain': 'mp.weixin.qq.com', 'expiry': 2147483647, 'httpOnly': True, 'name': 'ua_id', 'path': '/', 'secure': True, 'value': 'sKSdodkFlNzNZShaAAAAAL9uLa1bYh7q7DZtodTdUyU='}, {'domain': 'mp.weixin.qq.com', 'expiry': 2147483647, 'httpOnly': True, 'name': 'xid', 'path': '/', 'secure': True, 'value': 'b24d12a97951c29d87dc06663d7c8c92'}, {'domain': 'mp.weixin.qq.com', 'expiry': 1655604335, 'httpOnly': True, 'name': 'slave_sid', 'path': '/', 'secure': True, 'value': 'cE1mbDFlbG0wdEprYThfcUZEdUdfaU9qaXBHVk1qMTV2YWloMTZvenVKTGt5WUI5dTVxcEROQXl6MHpzZWlTT3gzOHVvOXVCdkVLUUpFNGw2aUpISlNVT0M4WHRweVJtZ1ZTZk5IMWtCcmNmZHdRSWJyd2FJUDhRWlU2N2VoY1l6ck5QWWtzREJkRkt2SzR0'}, {'domain': 'mp.weixin.qq.com', 'httpOnly': True, 'name': 'uuid', 'path': '/', 'secure': True, 'value': '139d01980c5f6c037049c5ba7466a868'}, {'domain': 'mp.weixin.qq.com', 'expiry': 1655604335, 'httpOnly': True, 'name': 'data_ticket', 'path': '/', 'secure': True, 'value': 'W3bgf35YXZJ2OELMVNUX8TaBafqVKrHMdgPKZf+8iKQEOzviCsx+6YZIiJYqVh31'}, {'domain': 'mp.weixin.qq.com', 'expiry': 1655604335, 'httpOnly': True, 'name': 'bizuin', 'path': '/', 'secure': True, 'value': '3949376427'}, {'domain': 'mp.weixin.qq.com', 'expiry': 1655604335, 'httpOnly': True, 'name': 'data_bizuin', 'path': '/', 'secure': True, 'value': '3949376427'}, {'domain': 'mp.weixin.qq.com', 'expiry': 1655604335, 'httpOnly': True, 'name': 'slave_bizuin', 'path': '/', 'secure': True, 'value': '3949376427'}, {'domain': 'mp.weixin.qq.com', 'expiry': 2147454824, 'httpOnly': False, 'name': 'wxuin', 'path': '/', 'secure': False, 'value': '55258718418572'}, {'domain': 'mp.weixin.qq.com', 'expiry': 1655604335, 'httpOnly': True, 'name': 'rand_info', 'path': '/', 'secure': True, 'value': 'CAESICwY+iI1yPO9DMHc+todgh4EKGsch6mUz5pJBTyQoKgn'}]
<class 'dict'>
{'mm_lang': 'zh_CN', 'slave_user': 'gh_52a317853636', 'ua_id': 'sKSdodkFlNzNZShaAAAAAL9uLa1bYh7q7DZtodTdUyU=', 'xid': 'b24d12a97951c29d87dc06663d7c8c92', 'slave_sid': 'cE1mbDFlbG0wdEprYThfcUZEdUdfaU9qaXBHVk1qMTV2YWloMTZvenVKTGt5WUI5dTVxcEROQXl6MHpzZWlTT3gzOHVvOXVCdkVLUUpFNGw2aUpISlNVT0M4WHRweVJtZ1ZTZk5IMWtCcmNmZHdRSWJyd2FJUDhRWlU2N2VoY1l6ck5QWWtzREJkRkt2SzR0', 'uuid': '139d01980c5f6c037049c5ba7466a868', 'data_ticket': 'W3bgf35YXZJ2OELMVNUX8TaBafqVKrHMdgPKZf+8iKQEOzviCsx+6YZIiJYqVh31', 'bizuin': '3949376427', 'data_bizuin': '3949376427', 'slave_bizuin': '3949376427', 'wxuin': '55258718418572', 'rand_info': 'CAESICwY+iI1yPO9DMHc+todgh4EKGsch6mUz5pJBTyQoKgn'}
<class 'str'>
{"mm_lang": "zh_CN", "slave_user": "gh_52a317853636", "ua_id": "sKSdodkFlNzNZShaAAAAAL9uLa1bYh7q7DZtodTdUyU=", "xid": "b24d12a97951c29d87dc06663d7c8c92", "slave_sid": "cE1mbDFlbG0wdEprYThfcUZEdUdfaU9qaXBHVk1qMTV2YWloMTZvenVKTGt5WUI5dTVxcEROQXl6MHpzZWlTT3gzOHVvOXVCdkVLUUpFNGw2aUpISlNVT0M4WHRweVJtZ1ZTZk5IMWtCcmNmZHdRSWJyd2FJUDhRWlU2N2VoY1l6ck5QWWtzREJkRkt2SzR0", "uuid": "139d01980c5f6c037049c5ba7466a868", "data_ticket": "W3bgf35YXZJ2OELMVNUX8TaBafqVKrHMdgPKZf+8iKQEOzviCsx+6YZIiJYqVh31", "bizuin": "3949376427", "data_bizuin": "3949376427", "slave_bizuin": "3949376427", "wxuin": "55258718418572", "rand_info": "CAESICwY+iI1yPO9DMHc+todgh4EKGsch6mUz5pJBTyQoKgn"}
cookies信息已保存到本地
开始爬取公众号：陈同学在搬砖
历史文章总数为 87
87
正在翻页：-------------- 20
20220615-100516
获取到原创文章：2天1夜,40公里,1个人的徒步穿越之旅！ ： http://mp.weixin.qq.com/s?__biz=MzkzNzIzNjI4Nw==&mid=2247487573&idx=1&sn=2113c678c6bcd0c9f09911271ada6547&chksm=c293d205f5e45b13a75b00f741e044efac5554c9771cb58227d9b7758eba48afa07c2519b6d8#rd
wkhtmltopdf reported an error:
Exit with code 1 due to network error: ContentNotFoundError

/Users/dip/PycharmProjects/mywechatsavings/main.py:51: DeprecationWarning: executable_path has been deprecated, please pass in a Service object
  driver = webdriver.Chrome(executable_path=CHROME_DRIVER)
