启动浏览器，打开微信公众号登录界面
请拿手机扫码二维码登录公众号
登录成功
<class 'list'>
[{'domain': 'mp.weixin.qq.com', 'expiry': 4294967295, 'httpOnly': False, 'name': 'mm_lang', 'path': '/', 'secure': True, 'value': 'zh_CN'}, {'domain': 'mp.weixin.qq.com', 'expiry': 1655609966, 'httpOnly': True, 'name': 'slave_user', 'path': '/', 'secure': True, 'value': 'gh_52a317853636'}, {'domain': 'mp.weixin.qq.com', 'expiry': 2147483647, 'httpOnly': True, 'name': 'ua_id', 'path': '/', 'secure': True, 'value': 'zZd8FyH3TUp0XNZPAAAAAA_Zb9R2gKTzbhY-FlmLa4Y='}, {'domain': 'mp.weixin.qq.com', 'expiry': 2147483647, 'httpOnly': True, 'name': 'xid', 'path': '/', 'secure': True, 'value': '0cd3c0e53a26e52e228a798ccab9a865'}, {'domain': 'mp.weixin.qq.com', 'expiry': 1655609966, 'httpOnly': True, 'name': 'slave_sid', 'path': '/', 'secure': True, 'value': 'SnNXOXBrdWs1RHJ1UVB5SnVUZ3pfVWpoR1FZU0h2QUhXM1h3cVdqVUM1WmhxTHdTRjB6VWpIdEdjRU9OYnVhQnVQdjBUZGdDOWNKNzVqaXM1bkZQMDZUT0h2QmlDUnkwc2JZYzJPUGtSMklJWUFHUURIM3hBamVlT2FsaXVYU01ZOVZVbWU1UWlXSERJd1dF'}, {'domain': 'mp.weixin.qq.com', 'httpOnly': True, 'name': 'uuid', 'path': '/', 'secure': True, 'value': 'e76e84ef25bf9a8b6cd36fdeaae067b3'}, {'domain': 'mp.weixin.qq.com', 'expiry': 1655609966, 'httpOnly': True, 'name': 'data_ticket', 'path': '/', 'secure': True, 'value': 'OYySeEHU+s11W+6eUqUyf6HobubGMM8LgZN/798qGPz9QRXa9UJcVwYJ/TJwwTar'}, {'domain': 'mp.weixin.qq.com', 'expiry': 1655609966, 'httpOnly': True, 'name': 'bizuin', 'path': '/', 'secure': True, 'value': '3949376427'}, {'domain': 'mp.weixin.qq.com', 'expiry': 1655609966, 'httpOnly': True, 'name': 'data_bizuin', 'path': '/', 'secure': True, 'value': '3949376427'}, {'domain': 'mp.weixin.qq.com', 'expiry': 1655609966, 'httpOnly': True, 'name': 'slave_bizuin', 'path': '/', 'secure': True, 'value': '3949376427'}, {'domain': 'mp.weixin.qq.com', 'expiry': 2147454825, 'httpOnly': False, 'name': 'wxuin', 'path': '/', 'secure': False, 'value': '55264349555060'}, {'domain': 'mp.weixin.qq.com', 'expiry': 1655609966, 'httpOnly': True, 'name': 'rand_info', 'path': '/', 'secure': True, 'value': 'CAESID8+a4tQLax9aYWel77J9phMcj2m72PTa1pFAAjeJyQl'}]
<class 'dict'>
{'mm_lang': 'zh_CN', 'slave_user': 'gh_52a317853636', 'ua_id': 'zZd8FyH3TUp0XNZPAAAAAA_Zb9R2gKTzbhY-FlmLa4Y=', 'xid': '0cd3c0e53a26e52e228a798ccab9a865', 'slave_sid': 'SnNXOXBrdWs1RHJ1UVB5SnVUZ3pfVWpoR1FZU0h2QUhXM1h3cVdqVUM1WmhxTHdTRjB6VWpIdEdjRU9OYnVhQnVQdjBUZGdDOWNKNzVqaXM1bkZQMDZUT0h2QmlDUnkwc2JZYzJPUGtSMklJWUFHUURIM3hBamVlT2FsaXVYU01ZOVZVbWU1UWlXSERJd1dF', 'uuid': 'e76e84ef25bf9a8b6cd36fdeaae067b3', 'data_ticket': 'OYySeEHU+s11W+6eUqUyf6HobubGMM8LgZN/798qGPz9QRXa9UJcVwYJ/TJwwTar', 'bizuin': '3949376427', 'data_bizuin': '3949376427', 'slave_bizuin': '3949376427', 'wxuin': '55264349555060', 'rand_info': 'CAESID8+a4tQLax9aYWel77J9phMcj2m72PTa1pFAAjeJyQl'}
<class 'str'>
{"mm_lang": "zh_CN", "slave_user": "gh_52a317853636", "ua_id": "zZd8FyH3TUp0XNZPAAAAAA_Zb9R2gKTzbhY-FlmLa4Y=", "xid": "0cd3c0e53a26e52e228a798ccab9a865", "slave_sid": "SnNXOXBrdWs1RHJ1UVB5SnVUZ3pfVWpoR1FZU0h2QUhXM1h3cVdqVUM1WmhxTHdTRjB6VWpIdEdjRU9OYnVhQnVQdjBUZGdDOWNKNzVqaXM1bkZQMDZUT0h2QmlDUnkwc2JZYzJPUGtSMklJWUFHUURIM3hBamVlT2FsaXVYU01ZOVZVbWU1UWlXSERJd1dF", "uuid": "e76e84ef25bf9a8b6cd36fdeaae067b3", "data_ticket": "OYySeEHU+s11W+6eUqUyf6HobubGMM8LgZN/798qGPz9QRXa9UJcVwYJ/TJwwTar", "bizuin": "3949376427", "data_bizuin": "3949376427", "slave_bizuin": "3949376427", "wxuin": "55264349555060", "rand_info": "CAESID8+a4tQLax9aYWel77J9phMcj2m72PTa1pFAAjeJyQl"}
cookies信息已保存到本地
开始爬取公众号：冷罐罐
历史文章总数为 24
24
正在翻页：-------------- 10 / 4
20220615-113907
获取到原创文章：往嘴里倒进一杯欢乐又微毒的酒精！
——2021总结 ： http://mp.weixin.qq.com/s?__biz=MzkyMTI5Nzc0NA==&mid=2247483963&idx=1&sn=e56fb95e82b9f1a0981534062659e1cd&chksm=c184f404f6f37d12aa4a541538fca60d255744eef40a032c764379c9a2f824bd9b31885625dc#rd
获取到原创文章：紧张罐罐 ： http://mp.weixin.qq.com/s?__biz=MzkyMTI5Nzc0NA==&mid=2247483961&idx=1&sn=a34bd7b8fc8dc2519d10ad2cd9aa0224&chksm=c184f406f6f37d10f489da4894412b7fa2d0a5f445ea87dfbaf660a3e346a4b59cff2b7fbabf#rd
获取到原创文章：浪费生命指南 ： http://mp.weixin.qq.com/s?__biz=MzkyMTI5Nzc0NA==&mid=2247483945&idx=1&sn=4b27d8144bab2c3cfcb87a9eaba88f0c&chksm=c184f416f6f37d0019e4ff4c5ca3c814c2bbf34458952c014b6d859d9eb9b3f943154a71dae4#rd
获取到原创文章：关于粉丝迁移至本公众号的说明 ： http://mp.weixin.qq.com/s?__biz=MzkyMTI5Nzc0NA==&mid=2247483898&idx=1&sn=bb4b76dca4c18d6b11adcda3b228bbbf&chksm=c184f7c5f6f37ed39ebab4d931f918ee9c6a6a8a92ebcbdb65f1343888874d5c24cd0810432d#rd
/Users/dip/PycharmProjects/mywechatsavings/main.py:50: DeprecationWarning: executable_path has been deprecated, please pass in a Service object
  driver = webdriver.Chrome(executable_path=CHROME_DRIVER)
Traceback (most recent call last):
  File "/Users/dip/PycharmProjects/mywechatsavings/main.py", line 203, in <module>
    get_content(query)
  File "/Users/dip/PycharmProjects/mywechatsavings/main.py", line 176, in get_content
    pdfkit.from_url(content_link, dirs + content_title + '.pdf')
  File "/Users/dip/opt/miniconda3/envs/TornadoCURD/lib/python3.7/site-packages/pdfkit/api.py", line 27, in from_url
    return r.to_pdf(output_path)
  File "/Users/dip/opt/miniconda3/envs/TornadoCURD/lib/python3.7/site-packages/pdfkit/pdfkit.py", line 197, in to_pdf
    stdout, stderr = result.communicate(input=input)
  File "/Users/dip/opt/miniconda3/envs/TornadoCURD/lib/python3.7/subprocess.py", line 964, in communicate
    stdout, stderr = self._communicate(input, endtime, timeout)
  File "/Users/dip/opt/miniconda3/envs/TornadoCURD/lib/python3.7/subprocess.py", line 1715, in _communicate
    ready = selector.select(timeout)
  File "/Users/dip/opt/miniconda3/envs/TornadoCURD/lib/python3.7/selectors.py", line 415, in select
    fd_event_list = self._selector.poll(timeout)
KeyboardInterrupt
